[0.374s] Invoking command in '/root/ros2_ws/src/mypkg': PYTHONPATH=/root/ros2_ws/build/mypkg/prefix_override:/root/ros2_ws/install/mypkg/lib/python3.10/site-packages:${PYTHONPATH} /usr/bin/python3 setup.py egg_info --egg-base ../../build/mypkg build --build-base /root/ros2_ws/build/mypkg/build install --record /root/ros2_ws/build/mypkg/install.log --single-version-externally-managed
[0.526s] running egg_info
[0.526s] creating ../../build/mypkg/mypkg.egg-info
[0.526s] writing ../../build/mypkg/mypkg.egg-info/PKG-INFO
[0.526s] writing dependency_links to ../../build/mypkg/mypkg.egg-info/dependency_links.txt
[0.526s] writing entry points to ../../build/mypkg/mypkg.egg-info/entry_points.txt
[0.527s] writing requirements to ../../build/mypkg/mypkg.egg-info/requires.txt
[0.527s] writing top-level names to ../../build/mypkg/mypkg.egg-info/top_level.txt
[0.527s] writing manifest file '../../build/mypkg/mypkg.egg-info/SOURCES.txt'
[0.528s] reading manifest file '../../build/mypkg/mypkg.egg-info/SOURCES.txt'
[0.529s] writing manifest file '../../build/mypkg/mypkg.egg-info/SOURCES.txt'
[0.529s] running build
[0.529s] running build_py
[0.529s] creating /root/ros2_ws/build/mypkg/build
[0.529s] creating /root/ros2_ws/build/mypkg/build/lib
[0.529s] creating /root/ros2_ws/build/mypkg/build/lib/mypkg
[0.529s] copying mypkg/__init__.py -> /root/ros2_ws/build/mypkg/build/lib/mypkg
[0.530s] /usr/lib/python3/dist-packages/setuptools/command/install.py:34: SetuptoolsDeprecationWarning: setup.py install is deprecated. Use build and pip and other standards-based tools.
[0.530s]   warnings.warn(
[0.530s] running install
[0.530s] running install_lib
[0.530s] creating /root/ros2_ws/install/mypkg/lib/python3.10/site-packages/mypkg
[0.530s] copying /root/ros2_ws/build/mypkg/build/lib/mypkg/__init__.py -> /root/ros2_ws/install/mypkg/lib/python3.10/site-packages/mypkg
[0.530s] byte-compiling /root/ros2_ws/install/mypkg/lib/python3.10/site-packages/mypkg/__init__.py to __init__.cpython-310.pyc
[0.530s] running install_data
[0.531s] creating /root/ros2_ws/install/mypkg/share/ament_index
[0.531s] creating /root/ros2_ws/install/mypkg/share/ament_index/resource_index
[0.531s] creating /root/ros2_ws/install/mypkg/share/ament_index/resource_index/packages
[0.531s] copying resource/mypkg -> /root/ros2_ws/install/mypkg/share/ament_index/resource_index/packages
[0.531s] copying package.xml -> /root/ros2_ws/install/mypkg/share/mypkg
[0.531s] running install_egg_info
[0.532s] Copying ../../build/mypkg/mypkg.egg-info to /root/ros2_ws/install/mypkg/lib/python3.10/site-packages/mypkg-0.0.0-py3.10.egg-info
[0.532s] running install_scripts
[0.547s] writing list of installed files to '/root/ros2_ws/build/mypkg/install.log'
[0.564s] Invoked command in '/root/ros2_ws/src/mypkg' returned '0': PYTHONPATH=/root/ros2_ws/build/mypkg/prefix_override:/root/ros2_ws/install/mypkg/lib/python3.10/site-packages:${PYTHONPATH} /usr/bin/python3 setup.py egg_info --egg-base ../../build/mypkg build --build-base /root/ros2_ws/build/mypkg/build install --record /root/ros2_ws/build/mypkg/install.log --single-version-externally-managed
