[0.379s] Invoking command in '/root/ros2_ws/src/mypkg': PYTHONPATH=/root/ros2_ws/build/mypkg/prefix_override:/root/ros2_ws/install/mypkg/lib/python3.10/site-packages:${PYTHONPATH} /usr/bin/python3 setup.py egg_info --egg-base ../../build/mypkg build --build-base /root/ros2_ws/build/mypkg/build install --record /root/ros2_ws/build/mypkg/install.log --single-version-externally-managed
[0.513s] running egg_info
[0.513s] writing ../../build/mypkg/mypkg.egg-info/PKG-INFO
[0.513s] writing dependency_links to ../../build/mypkg/mypkg.egg-info/dependency_links.txt
[0.513s] writing entry points to ../../build/mypkg/mypkg.egg-info/entry_points.txt
[0.514s] writing requirements to ../../build/mypkg/mypkg.egg-info/requires.txt
[0.514s] writing top-level names to ../../build/mypkg/mypkg.egg-info/top_level.txt
[0.515s] reading manifest file '../../build/mypkg/mypkg.egg-info/SOURCES.txt'
[0.516s] writing manifest file '../../build/mypkg/mypkg.egg-info/SOURCES.txt'
[0.517s] running build
[0.517s] running build_py
[0.517s] /usr/lib/python3/dist-packages/setuptools/command/install.py:34: SetuptoolsDeprecationWarning: setup.py install is deprecated. Use build and pip and other standards-based tools.
[0.517s]   warnings.warn(
[0.517s] running install
[0.517s] running install_lib
[0.518s] running install_data
[0.518s] copying package.xml -> /root/ros2_ws/install/mypkg/share/mypkg
[0.518s] copying launch/talk_listen.launch.py -> /root/ros2_ws/install/mypkg/share/mypkg
[0.518s] running install_egg_info
[0.519s] removing '/root/ros2_ws/install/mypkg/lib/python3.10/site-packages/mypkg-0.0.0-py3.10.egg-info' (and everything under it)
[0.520s] Copying ../../build/mypkg/mypkg.egg-info to /root/ros2_ws/install/mypkg/lib/python3.10/site-packages/mypkg-0.0.0-py3.10.egg-info
[0.520s] running install_scripts
[0.534s] Installing listener script to /root/ros2_ws/install/mypkg/lib/mypkg
[0.534s] Installing talker script to /root/ros2_ws/install/mypkg/lib/mypkg
[0.534s] writing list of installed files to '/root/ros2_ws/build/mypkg/install.log'
[0.552s] Invoked command in '/root/ros2_ws/src/mypkg' returned '0': PYTHONPATH=/root/ros2_ws/build/mypkg/prefix_override:/root/ros2_ws/install/mypkg/lib/python3.10/site-packages:${PYTHONPATH} /usr/bin/python3 setup.py egg_info --egg-base ../../build/mypkg build --build-base /root/ros2_ws/build/mypkg/build install --record /root/ros2_ws/build/mypkg/install.log --single-version-externally-managed
