[0.448s] Invoking command in '/root/ros2_ws/src/mypkg': PYTHONPATH=/root/ros2_ws/build/mypkg/prefix_override:/root/ros2_ws/install/mypkg/lib/python3.10/site-packages:${PYTHONPATH} /usr/bin/python3 setup.py egg_info --egg-base ../../build/mypkg build --build-base /root/ros2_ws/build/mypkg/build install --record /root/ros2_ws/build/mypkg/install.log --single-version-externally-managed
[0.613s] running egg_info
[0.613s] writing ../../build/mypkg/mypkg.egg-info/PKG-INFO
[0.614s] writing dependency_links to ../../build/mypkg/mypkg.egg-info/dependency_links.txt
[0.614s] writing entry points to ../../build/mypkg/mypkg.egg-info/entry_points.txt
[0.614s] writing requirements to ../../build/mypkg/mypkg.egg-info/requires.txt
[0.614s] writing top-level names to ../../build/mypkg/mypkg.egg-info/top_level.txt
[0.615s] reading manifest file '../../build/mypkg/mypkg.egg-info/SOURCES.txt'
[0.615s] writing manifest file '../../build/mypkg/mypkg.egg-info/SOURCES.txt'
[0.616s] running build
[0.616s] running build_py
[0.616s] copying mypkg/listener.py -> /root/ros2_ws/build/mypkg/build/lib/mypkg
[0.616s] running install
[0.616s] /usr/lib/python3/dist-packages/setuptools/command/install.py:34: SetuptoolsDeprecationWarning: setup.py install is deprecated. Use build and pip and other standards-based tools.
[0.616s]   warnings.warn(
[0.616s] running install_lib
[0.617s] copying /root/ros2_ws/build/mypkg/build/lib/mypkg/listener.py -> /root/ros2_ws/install/mypkg/lib/python3.10/site-packages/mypkg
[0.617s] byte-compiling /root/ros2_ws/install/mypkg/lib/python3.10/site-packages/mypkg/listener.py to listener.cpython-310.pyc
[0.617s] running install_data
[0.618s]   File "/root/ros2_ws/install/mypkg/lib/python3.10/site-packages/mypkg/listener.py", line 22
[0.618s]     node.get_logger()info("呼び出し失敗")
[0.618s]                      ^^^^
[0.618s] SyntaxError: invalid syntax
[0.618s] 
[0.618s] running install_egg_info
[0.619s] removing '/root/ros2_ws/install/mypkg/lib/python3.10/site-packages/mypkg-0.0.0-py3.10.egg-info' (and everything under it)
[0.619s] Copying ../../build/mypkg/mypkg.egg-info to /root/ros2_ws/install/mypkg/lib/python3.10/site-packages/mypkg-0.0.0-py3.10.egg-info
[0.619s] running install_scripts
[0.634s] Installing listener script to /root/ros2_ws/install/mypkg/lib/mypkg
[0.635s] Installing talker script to /root/ros2_ws/install/mypkg/lib/mypkg
[0.635s] writing list of installed files to '/root/ros2_ws/build/mypkg/install.log'
[0.653s] Invoked command in '/root/ros2_ws/src/mypkg' returned '0': PYTHONPATH=/root/ros2_ws/build/mypkg/prefix_override:/root/ros2_ws/install/mypkg/lib/python3.10/site-packages:${PYTHONPATH} /usr/bin/python3 setup.py egg_info --egg-base ../../build/mypkg build --build-base /root/ros2_ws/build/mypkg/build install --record /root/ros2_ws/build/mypkg/install.log --single-version-externally-managed
