[0.451s] Invoking command in '/root/ros2_ws/src/mypkg': PYTHONPATH=/root/ros2_ws/build/mypkg/prefix_override:/root/ros2_ws/install/mypkg/lib/python3.10/site-packages:${PYTHONPATH} /usr/bin/python3 setup.py egg_info --egg-base ../../build/mypkg build --build-base /root/ros2_ws/build/mypkg/build install --record /root/ros2_ws/build/mypkg/install.log --single-version-externally-managed
[0.616s] running egg_info
[0.617s] writing ../../build/mypkg/mypkg.egg-info/PKG-INFO
[0.617s] writing dependency_links to ../../build/mypkg/mypkg.egg-info/dependency_links.txt
[0.617s] writing entry points to ../../build/mypkg/mypkg.egg-info/entry_points.txt
[0.617s] writing requirements to ../../build/mypkg/mypkg.egg-info/requires.txt
[0.617s] writing top-level names to ../../build/mypkg/mypkg.egg-info/top_level.txt
[0.619s] reading manifest file '../../build/mypkg/mypkg.egg-info/SOURCES.txt'
[0.620s] writing manifest file '../../build/mypkg/mypkg.egg-info/SOURCES.txt'
[0.620s] running build
[0.620s] running build_py
[0.620s] copying mypkg/listener.py -> /root/ros2_ws/build/mypkg/build/lib/mypkg
[0.620s] running install
[0.621s] /usr/lib/python3/dist-packages/setuptools/command/install.py:34: SetuptoolsDeprecationWarning: setup.py install is deprecated. Use build and pip and other standards-based tools.
[0.621s]   warnings.warn(
[0.621s] running install_lib
[0.621s] copying /root/ros2_ws/build/mypkg/build/lib/mypkg/listener.py -> /root/ros2_ws/install/mypkg/lib/python3.10/site-packages/mypkg
[0.622s] byte-compiling /root/ros2_ws/install/mypkg/lib/python3.10/site-packages/mypkg/listener.py to listener.cpython-310.pyc
[0.622s] running install_data
[0.623s] running install_egg_info
[0.624s] removing '/root/ros2_ws/install/mypkg/lib/python3.10/site-packages/mypkg-0.0.0-py3.10.egg-info' (and everything under it)
[0.624s] Copying ../../build/mypkg/mypkg.egg-info to /root/ros2_ws/install/mypkg/lib/python3.10/site-packages/mypkg-0.0.0-py3.10.egg-info
[0.624s] running install_scripts
[0.638s] Installing listener script to /root/ros2_ws/install/mypkg/lib/mypkg
[0.638s] Installing talker script to /root/ros2_ws/install/mypkg/lib/mypkg
[0.639s] writing list of installed files to '/root/ros2_ws/build/mypkg/install.log'
[0.655s] Invoked command in '/root/ros2_ws/src/mypkg' returned '0': PYTHONPATH=/root/ros2_ws/build/mypkg/prefix_override:/root/ros2_ws/install/mypkg/lib/python3.10/site-packages:${PYTHONPATH} /usr/bin/python3 setup.py egg_info --egg-base ../../build/mypkg build --build-base /root/ros2_ws/build/mypkg/build install --record /root/ros2_ws/build/mypkg/install.log --single-version-externally-managed
