[0.176s] Invoking command in '/root/ros2_ws/build/person_msgs': CMAKE_PREFIX_PATH=${CMAKE_PREFIX_PATH}:/root/ros2_ws/install/mypkg:/opt/ros/humble /usr/bin/cmake --build /root/ros2_ws/build/person_msgs -- -j8 -l8
[0.192s] -- Found ament_cmake: 1.3.3 (/opt/ros/humble/share/ament_cmake/cmake)
[0.283s] -- Found rosidl_default_generators: 1.2.0 (/opt/ros/humble/share/rosidl_default_generators/cmake)
[0.284s] -- Using all available rosidl_typesupport_c: rosidl_typesupport_fastrtps_c;rosidl_typesupport_introspection_c
[0.286s] -- Found rosidl_adapter: 3.1.4 (/opt/ros/humble/share/rosidl_adapter/cmake)
[0.354s] -- Using all available rosidl_typesupport_cpp: rosidl_typesupport_fastrtps_cpp;rosidl_typesupport_introspection_cpp
[0.517s] -- Found ament_cmake_ros: 0.10.0 (/opt/ros/humble/share/ament_cmake_ros/cmake)
[0.635s] -- Using all available rosidl_typesupport_c: rosidl_typesupport_fastrtps_c;rosidl_typesupport_introspection_c
[0.778s] -- Using all available rosidl_typesupport_cpp: rosidl_typesupport_fastrtps_cpp;rosidl_typesupport_introspection_cpp
[0.791s] -- Found python_cmake_module: 0.10.0 (/opt/ros/humble/share/python_cmake_module/cmake)
[0.804s] -- Using PYTHON_EXECUTABLE: /usr/bin/python3
[0.804s] -- Using PYTHON_INCLUDE_DIRS: /usr/include/python3.10
[0.804s] -- Using PYTHON_LIBRARIES: /usr/lib/x86_64-linux-gnu/libpython3.10.so
[0.810s] -- Found ament_lint_auto: 0.12.4 (/opt/ros/humble/share/ament_lint_auto/cmake)
[0.814s] -- Added test 'lint_cmake' to check CMake code style
[0.815s] -- Added test 'xmllint' to check XML markup files
[0.816s] -- Configuring done
[0.831s] -- Generating done
[0.833s] -- Build files have been written to: /root/ros2_ws/build/person_msgs
[0.849s] [35m[1mConsolidate compiler generated dependencies of target person_msgs__rosidl_generator_c[0m
[0.855s] [  3%] Built target person_msgs__cpp
[0.855s] [  6%] [32m[1mLinking C shared library libperson_msgs__rosidl_generator_c.so[0m
[0.861s] [35m[1mConsolidate compiler generated dependencies of target person_msgs__rosidl_typesupport_cpp[0m
[0.861s] [35m[1mConsolidate compiler generated dependencies of target person_msgs__rosidl_typesupport_introspection_cpp[0m
[0.861s] [  6%] Built target ament_cmake_python_copy_person_msgs
[0.862s] [35m[1mConsolidate compiler generated dependencies of target person_msgs__rosidl_typesupport_fastrtps_cpp[0m
[0.869s] [  9%] [32m[1mLinking CXX shared library libperson_msgs__rosidl_typesupport_cpp.so[0m
[0.875s] [ 12%] [32m[1mLinking CXX shared library libperson_msgs__rosidl_typesupport_fastrtps_cpp.so[0m
[0.875s] [ 16%] [32m[1mLinking CXX shared library libperson_msgs__rosidl_typesupport_introspection_cpp.so[0m
[0.923s] [ 22%] Built target person_msgs__rosidl_generator_c
[0.930s] [35m[1mConsolidate compiler generated dependencies of target person_msgs__rosidl_typesupport_fastrtps_c[0m
[0.931s] [35m[1mConsolidate compiler generated dependencies of target person_msgs__rosidl_typesupport_c[0m
[0.931s] [35m[1mConsolidate compiler generated dependencies of target person_msgs__rosidl_typesupport_introspection_c[0m
[0.939s] [ 32%] Built target person_msgs__rosidl_typesupport_cpp
[0.939s] [ 32%] [32m[1mLinking C shared library libperson_msgs__rosidl_typesupport_introspection_c.so[0m
[0.939s] [ 35%] [32m[1mLinking CXX shared library libperson_msgs__rosidl_typesupport_c.so[0m
[0.943s] [ 38%] [32m[1mLinking CXX shared library libperson_msgs__rosidl_typesupport_fastrtps_c.so[0m
[0.952s] [ 45%] Built target person_msgs__rosidl_typesupport_introspection_cpp
[0.967s] [ 51%] Built target person_msgs__rosidl_typesupport_fastrtps_cpp
[0.985s] [ 58%] Built target person_msgs__rosidl_typesupport_introspection_c
[0.990s] [ 64%] Built target person_msgs__rosidl_typesupport_c
[1.022s] [ 70%] Built target person_msgs__rosidl_typesupport_fastrtps_c
[1.033s] [ 70%] Built target person_msgs
[1.044s] [ 74%] Built target person_msgs__py
[1.050s] [35m[1mConsolidate compiler generated dependencies of target person_msgs__rosidl_generator_py[0m
[1.058s] [ 77%] [32m[1mLinking C shared library rosidl_generator_py/person_msgs/libperson_msgs__rosidl_generator_py.so[0m
[1.064s] running egg_info
[1.065s] writing person_msgs.egg-info/PKG-INFO
[1.065s] writing dependency_links to person_msgs.egg-info/dependency_links.txt
[1.065s] writing top-level names to person_msgs.egg-info/top_level.txt
[1.067s] reading manifest file 'person_msgs.egg-info/SOURCES.txt'
[1.067s] writing manifest file 'person_msgs.egg-info/SOURCES.txt'
[1.086s] [ 77%] Built target ament_cmake_python_build_person_msgs_egg
[1.109s] [ 80%] Built target person_msgs__rosidl_generator_py
[1.115s] [35m[1mConsolidate compiler generated dependencies of target person_msgs__rosidl_typesupport_c__pyext[0m
[1.115s] [35m[1mConsolidate compiler generated dependencies of target person_msgs__rosidl_typesupport_fastrtps_c__pyext[0m
[1.115s] [35m[1mConsolidate compiler generated dependencies of target person_msgs__rosidl_typesupport_introspection_c__pyext[0m
[1.122s] [ 90%] [32m[1mLinking C shared library rosidl_generator_py/person_msgs/person_msgs_s__rosidl_typesupport_introspection_c.cpython-310-x86_64-linux-gnu.so[0m
[1.122s] [ 90%] [32m[1mLinking C shared library rosidl_generator_py/person_msgs/person_msgs_s__rosidl_typesupport_c.cpython-310-x86_64-linux-gnu.so[0m
[1.123s] [ 90%] [32m[1mLinking C shared library rosidl_generator_py/person_msgs/person_msgs_s__rosidl_typesupport_fastrtps_c.cpython-310-x86_64-linux-gnu.so[0m
[1.163s] [100%] Built target person_msgs__rosidl_typesupport_introspection_c__pyext
[1.163s] [100%] Built target person_msgs__rosidl_typesupport_c__pyext
[1.164s] [100%] Built target person_msgs__rosidl_typesupport_fastrtps_c__pyext
[1.170s] Invoked command in '/root/ros2_ws/build/person_msgs' returned '0': CMAKE_PREFIX_PATH=${CMAKE_PREFIX_PATH}:/root/ros2_ws/install/mypkg:/opt/ros/humble /usr/bin/cmake --build /root/ros2_ws/build/person_msgs -- -j8 -l8
[1.208s] Invoking command in '/root/ros2_ws/build/person_msgs': CMAKE_PREFIX_PATH=${CMAKE_PREFIX_PATH}:/root/ros2_ws/install/mypkg:/opt/ros/humble /usr/bin/cmake --install /root/ros2_ws/build/person_msgs
[1.212s] -- Install configuration: ""
[1.212s] -- Installing: /root/ros2_ws/install/person_msgs/share/ament_index/resource_index/rosidl_interfaces/person_msgs
[1.212s] -- Up-to-date: /root/ros2_ws/install/person_msgs/include/person_msgs/person_msgs
[1.212s] -- Up-to-date: /root/ros2_ws/install/person_msgs/include/person_msgs/person_msgs/srv
[1.212s] -- Up-to-date: /root/ros2_ws/install/person_msgs/include/person_msgs/person_msgs/srv/query.h
[1.212s] -- Up-to-date: /root/ros2_ws/install/person_msgs/include/person_msgs/person_msgs/srv/detail
[1.212s] -- Up-to-date: /root/ros2_ws/install/person_msgs/include/person_msgs/person_msgs/srv/detail/query__functions.c
[1.212s] -- Up-to-date: /root/ros2_ws/install/person_msgs/include/person_msgs/person_msgs/srv/detail/query__type_support.h
[1.212s] -- Up-to-date: /root/ros2_ws/install/person_msgs/include/person_msgs/person_msgs/srv/detail/query__functions.h
[1.212s] -- Up-to-date: /root/ros2_ws/install/person_msgs/include/person_msgs/person_msgs/srv/detail/query__struct.h
[1.213s] -- Up-to-date: /root/ros2_ws/install/person_msgs/include/person_msgs/person_msgs/msg
[1.213s] -- Up-to-date: /root/ros2_ws/install/person_msgs/include/person_msgs/person_msgs/msg/person.h
[1.213s] -- Up-to-date: /root/ros2_ws/install/person_msgs/include/person_msgs/person_msgs/msg/rosidl_generator_c__visibility_control.h
[1.213s] -- Up-to-date: /root/ros2_ws/install/person_msgs/include/person_msgs/person_msgs/msg/detail
[1.213s] -- Up-to-date: /root/ros2_ws/install/person_msgs/include/person_msgs/person_msgs/msg/detail/person__functions.c
[1.213s] -- Up-to-date: /root/ros2_ws/install/person_msgs/include/person_msgs/person_msgs/msg/detail/person__type_support.h
[1.213s] -- Up-to-date: /root/ros2_ws/install/person_msgs/include/person_msgs/person_msgs/msg/detail/person__functions.h
[1.213s] -- Up-to-date: /root/ros2_ws/install/person_msgs/include/person_msgs/person_msgs/msg/detail/person__struct.h
[1.213s] -- Up-to-date: /root/ros2_ws/install/person_msgs/share/person_msgs/environment/library_path.sh
[1.214s] -- Installing: /root/ros2_ws/install/person_msgs/share/person_msgs/environment/library_path.dsv
[1.214s] -- Installing: /root/ros2_ws/install/person_msgs/lib/libperson_msgs__rosidl_generator_c.so
[1.214s] -- Set runtime path of "/root/ros2_ws/install/person_msgs/lib/libperson_msgs__rosidl_generator_c.so" to ""
[1.214s] -- Up-to-date: /root/ros2_ws/install/person_msgs/include/person_msgs/person_msgs
[1.214s] -- Up-to-date: /root/ros2_ws/install/person_msgs/include/person_msgs/person_msgs/srv
[1.214s] -- Up-to-date: /root/ros2_ws/install/person_msgs/include/person_msgs/person_msgs/srv/detail
[1.214s] -- Up-to-date: /root/ros2_ws/install/person_msgs/include/person_msgs/person_msgs/srv/detail/query__rosidl_typesupport_fastrtps_c.h
[1.214s] -- Up-to-date: /root/ros2_ws/install/person_msgs/include/person_msgs/person_msgs/msg
[1.215s] -- Up-to-date: /root/ros2_ws/install/person_msgs/include/person_msgs/person_msgs/msg/rosidl_typesupport_fastrtps_c__visibility_control.h
[1.215s] -- Up-to-date: /root/ros2_ws/install/person_msgs/include/person_msgs/person_msgs/msg/detail
[1.215s] -- Up-to-date: /root/ros2_ws/install/person_msgs/include/person_msgs/person_msgs/msg/detail/person__rosidl_typesupport_fastrtps_c.h
[1.215s] -- Installing: /root/ros2_ws/install/person_msgs/lib/libperson_msgs__rosidl_typesupport_fastrtps_c.so
[1.215s] -- Set runtime path of "/root/ros2_ws/install/person_msgs/lib/libperson_msgs__rosidl_typesupport_fastrtps_c.so" to ""
[1.215s] -- Up-to-date: /root/ros2_ws/install/person_msgs/include/person_msgs/person_msgs
[1.215s] -- Up-to-date: /root/ros2_ws/install/person_msgs/include/person_msgs/person_msgs/srv
[1.215s] -- Up-to-date: /root/ros2_ws/install/person_msgs/include/person_msgs/person_msgs/srv/detail
[1.215s] -- Up-to-date: /root/ros2_ws/install/person_msgs/include/person_msgs/person_msgs/srv/detail/query__type_support.c
[1.216s] -- Up-to-date: /root/ros2_ws/install/person_msgs/include/person_msgs/person_msgs/srv/detail/query__rosidl_typesupport_introspection_c.h
[1.216s] -- Up-to-date: /root/ros2_ws/install/person_msgs/include/person_msgs/person_msgs/msg
[1.216s] -- Up-to-date: /root/ros2_ws/install/person_msgs/include/person_msgs/person_msgs/msg/rosidl_typesupport_introspection_c__visibility_control.h
[1.216s] -- Up-to-date: /root/ros2_ws/install/person_msgs/include/person_msgs/person_msgs/msg/detail
[1.216s] -- Up-to-date: /root/ros2_ws/install/person_msgs/include/person_msgs/person_msgs/msg/detail/person__type_support.c
[1.216s] -- Up-to-date: /root/ros2_ws/install/person_msgs/include/person_msgs/person_msgs/msg/detail/person__rosidl_typesupport_introspection_c.h
[1.216s] -- Installing: /root/ros2_ws/install/person_msgs/lib/libperson_msgs__rosidl_typesupport_introspection_c.so
[1.216s] -- Set runtime path of "/root/ros2_ws/install/person_msgs/lib/libperson_msgs__rosidl_typesupport_introspection_c.so" to ""
[1.216s] -- Installing: /root/ros2_ws/install/person_msgs/lib/libperson_msgs__rosidl_typesupport_c.so
[1.217s] -- Set runtime path of "/root/ros2_ws/install/person_msgs/lib/libperson_msgs__rosidl_typesupport_c.so" to ""
[1.217s] -- Up-to-date: /root/ros2_ws/install/person_msgs/include/person_msgs/person_msgs
[1.217s] -- Up-to-date: /root/ros2_ws/install/person_msgs/include/person_msgs/person_msgs/srv
[1.217s] -- Up-to-date: /root/ros2_ws/install/person_msgs/include/person_msgs/person_msgs/srv/query.hpp
[1.217s] -- Up-to-date: /root/ros2_ws/install/person_msgs/include/person_msgs/person_msgs/srv/detail
[1.217s] -- Up-to-date: /root/ros2_ws/install/person_msgs/include/person_msgs/person_msgs/srv/detail/query__builder.hpp
[1.218s] -- Up-to-date: /root/ros2_ws/install/person_msgs/include/person_msgs/person_msgs/srv/detail/query__struct.hpp
[1.218s] -- Up-to-date: /root/ros2_ws/install/person_msgs/include/person_msgs/person_msgs/srv/detail/query__traits.hpp
[1.218s] -- Up-to-date: /root/ros2_ws/install/person_msgs/include/person_msgs/person_msgs/msg
[1.218s] -- Up-to-date: /root/ros2_ws/install/person_msgs/include/person_msgs/person_msgs/msg/person.hpp
[1.218s] -- Up-to-date: /root/ros2_ws/install/person_msgs/include/person_msgs/person_msgs/msg/detail
[1.218s] -- Up-to-date: /root/ros2_ws/install/person_msgs/include/person_msgs/person_msgs/msg/detail/person__builder.hpp
[1.218s] -- Up-to-date: /root/ros2_ws/install/person_msgs/include/person_msgs/person_msgs/msg/detail/person__traits.hpp
[1.218s] -- Up-to-date: /root/ros2_ws/install/person_msgs/include/person_msgs/person_msgs/msg/detail/person__struct.hpp
[1.218s] -- Up-to-date: /root/ros2_ws/install/person_msgs/include/person_msgs/person_msgs
[1.218s] -- Up-to-date: /root/ros2_ws/install/person_msgs/include/person_msgs/person_msgs/srv
[1.219s] -- Up-to-date: /root/ros2_ws/install/person_msgs/include/person_msgs/person_msgs/srv/detail
[1.219s] -- Up-to-date: /root/ros2_ws/install/person_msgs/include/person_msgs/person_msgs/srv/detail/dds_fastrtps
[1.219s] -- Up-to-date: /root/ros2_ws/install/person_msgs/include/person_msgs/person_msgs/srv/detail/query__rosidl_typesupport_fastrtps_cpp.hpp
[1.219s] -- Up-to-date: /root/ros2_ws/install/person_msgs/include/person_msgs/person_msgs/msg
[1.219s] -- Up-to-date: /root/ros2_ws/install/person_msgs/include/person_msgs/person_msgs/msg/rosidl_typesupport_fastrtps_cpp__visibility_control.h
[1.219s] -- Up-to-date: /root/ros2_ws/install/person_msgs/include/person_msgs/person_msgs/msg/detail
[1.219s] -- Up-to-date: /root/ros2_ws/install/person_msgs/include/person_msgs/person_msgs/msg/detail/dds_fastrtps
[1.219s] -- Up-to-date: /root/ros2_ws/install/person_msgs/include/person_msgs/person_msgs/msg/detail/person__rosidl_typesupport_fastrtps_cpp.hpp
[1.219s] -- Installing: /root/ros2_ws/install/person_msgs/lib/libperson_msgs__rosidl_typesupport_fastrtps_cpp.so
[1.219s] -- Set runtime path of "/root/ros2_ws/install/person_msgs/lib/libperson_msgs__rosidl_typesupport_fastrtps_cpp.so" to ""
[1.219s] -- Up-to-date: /root/ros2_ws/install/person_msgs/include/person_msgs/person_msgs
[1.219s] -- Up-to-date: /root/ros2_ws/install/person_msgs/include/person_msgs/person_msgs/srv
[1.219s] -- Up-to-date: /root/ros2_ws/install/person_msgs/include/person_msgs/person_msgs/srv/detail
[1.219s] -- Up-to-date: /root/ros2_ws/install/person_msgs/include/person_msgs/person_msgs/srv/detail/query__type_support.cpp
[1.219s] -- Up-to-date: /root/ros2_ws/install/person_msgs/include/person_msgs/person_msgs/srv/detail/query__rosidl_typesupport_introspection_cpp.hpp
[1.219s] -- Up-to-date: /root/ros2_ws/install/person_msgs/include/person_msgs/person_msgs/msg
[1.219s] -- Up-to-date: /root/ros2_ws/install/person_msgs/include/person_msgs/person_msgs/msg/detail
[1.219s] -- Up-to-date: /root/ros2_ws/install/person_msgs/include/person_msgs/person_msgs/msg/detail/person__rosidl_typesupport_introspection_cpp.hpp
[1.219s] -- Up-to-date: /root/ros2_ws/install/person_msgs/include/person_msgs/person_msgs/msg/detail/person__type_support.cpp
[1.219s] -- Installing: /root/ros2_ws/install/person_msgs/lib/libperson_msgs__rosidl_typesupport_introspection_cpp.so
[1.219s] -- Set runtime path of "/root/ros2_ws/install/person_msgs/lib/libperson_msgs__rosidl_typesupport_introspection_cpp.so" to ""
[1.219s] -- Installing: /root/ros2_ws/install/person_msgs/lib/libperson_msgs__rosidl_typesupport_cpp.so
[1.219s] -- Set runtime path of "/root/ros2_ws/install/person_msgs/lib/libperson_msgs__rosidl_typesupport_cpp.so" to ""
[1.219s] -- Up-to-date: /root/ros2_ws/install/person_msgs/share/person_msgs/environment/pythonpath.sh
[1.219s] -- Installing: /root/ros2_ws/install/person_msgs/share/person_msgs/environment/pythonpath.dsv
[1.220s] -- Up-to-date: /root/ros2_ws/install/person_msgs/local/lib/python3.10/dist-packages/person_msgs-0.0.0-py3.10.egg-info
[1.220s] -- Installing: /root/ros2_ws/install/person_msgs/local/lib/python3.10/dist-packages/person_msgs-0.0.0-py3.10.egg-info/top_level.txt
[1.220s] -- Installing: /root/ros2_ws/install/person_msgs/local/lib/python3.10/dist-packages/person_msgs-0.0.0-py3.10.egg-info/dependency_links.txt
[1.220s] -- Installing: /root/ros2_ws/install/person_msgs/local/lib/python3.10/dist-packages/person_msgs-0.0.0-py3.10.egg-info/SOURCES.txt
[1.220s] -- Installing: /root/ros2_ws/install/person_msgs/local/lib/python3.10/dist-packages/person_msgs-0.0.0-py3.10.egg-info/PKG-INFO
[1.220s] -- Up-to-date: /root/ros2_ws/install/person_msgs/local/lib/python3.10/dist-packages/person_msgs
[1.220s] -- Up-to-date: /root/ros2_ws/install/person_msgs/local/lib/python3.10/dist-packages/person_msgs/srv
[1.220s] -- Up-to-date: /root/ros2_ws/install/person_msgs/local/lib/python3.10/dist-packages/person_msgs/srv/_query_s.c
[1.220s] -- Up-to-date: /root/ros2_ws/install/person_msgs/local/lib/python3.10/dist-packages/person_msgs/srv/_query.py
[1.220s] -- Up-to-date: /root/ros2_ws/install/person_msgs/local/lib/python3.10/dist-packages/person_msgs/srv/__init__.py
[1.220s] -- Installing: /root/ros2_ws/install/person_msgs/local/lib/python3.10/dist-packages/person_msgs/libperson_msgs__rosidl_generator_py.so
[1.220s] -- Up-to-date: /root/ros2_ws/install/person_msgs/local/lib/python3.10/dist-packages/person_msgs/_person_msgs_s.ep.rosidl_typesupport_introspection_c.c
[1.220s] -- Up-to-date: /root/ros2_ws/install/person_msgs/local/lib/python3.10/dist-packages/person_msgs/_person_msgs_s.ep.rosidl_typesupport_c.c
[1.220s] -- Installing: /root/ros2_ws/install/person_msgs/local/lib/python3.10/dist-packages/person_msgs/person_msgs_s__rosidl_typesupport_fastrtps_c.cpython-310-x86_64-linux-gnu.so
[1.220s] -- Up-to-date: /root/ros2_ws/install/person_msgs/local/lib/python3.10/dist-packages/person_msgs/msg
[1.220s] -- Up-to-date: /root/ros2_ws/install/person_msgs/local/lib/python3.10/dist-packages/person_msgs/msg/_person.py
[1.220s] -- Up-to-date: /root/ros2_ws/install/person_msgs/local/lib/python3.10/dist-packages/person_msgs/msg/_person_s.c
[1.220s] -- Up-to-date: /root/ros2_ws/install/person_msgs/local/lib/python3.10/dist-packages/person_msgs/msg/__init__.py
[1.220s] -- Installing: /root/ros2_ws/install/person_msgs/local/lib/python3.10/dist-packages/person_msgs/person_msgs_s__rosidl_typesupport_introspection_c.cpython-310-x86_64-linux-gnu.so
[1.220s] -- Installing: /root/ros2_ws/install/person_msgs/local/lib/python3.10/dist-packages/person_msgs/person_msgs_s__rosidl_typesupport_c.cpython-310-x86_64-linux-gnu.so
[1.220s] -- Up-to-date: /root/ros2_ws/install/person_msgs/local/lib/python3.10/dist-packages/person_msgs/_person_msgs_s.ep.rosidl_typesupport_fastrtps_c.c
[1.220s] -- Installing: /root/ros2_ws/install/person_msgs/local/lib/python3.10/dist-packages/person_msgs/__init__.py
[1.240s] Listing '/root/ros2_ws/install/person_msgs/local/lib/python3.10/dist-packages/person_msgs'...
[1.240s] Compiling '/root/ros2_ws/install/person_msgs/local/lib/python3.10/dist-packages/person_msgs/__init__.py'...
[1.240s] Listing '/root/ros2_ws/install/person_msgs/local/lib/python3.10/dist-packages/person_msgs/msg'...
[1.240s] Listing '/root/ros2_ws/install/person_msgs/local/lib/python3.10/dist-packages/person_msgs/srv'...
[1.244s] -- Installing: /root/ros2_ws/install/person_msgs/local/lib/python3.10/dist-packages/person_msgs/person_msgs_s__rosidl_typesupport_fastrtps_c.cpython-310-x86_64-linux-gnu.so
[1.244s] -- Set runtime path of "/root/ros2_ws/install/person_msgs/local/lib/python3.10/dist-packages/person_msgs/person_msgs_s__rosidl_typesupport_fastrtps_c.cpython-310-x86_64-linux-gnu.so" to ""
[1.244s] -- Installing: /root/ros2_ws/install/person_msgs/local/lib/python3.10/dist-packages/person_msgs/person_msgs_s__rosidl_typesupport_introspection_c.cpython-310-x86_64-linux-gnu.so
[1.244s] -- Set runtime path of "/root/ros2_ws/install/person_msgs/local/lib/python3.10/dist-packages/person_msgs/person_msgs_s__rosidl_typesupport_introspection_c.cpython-310-x86_64-linux-gnu.so" to ""
[1.244s] -- Installing: /root/ros2_ws/install/person_msgs/local/lib/python3.10/dist-packages/person_msgs/person_msgs_s__rosidl_typesupport_c.cpython-310-x86_64-linux-gnu.so
[1.244s] -- Set runtime path of "/root/ros2_ws/install/person_msgs/local/lib/python3.10/dist-packages/person_msgs/person_msgs_s__rosidl_typesupport_c.cpython-310-x86_64-linux-gnu.so" to ""
[1.245s] -- Installing: /root/ros2_ws/install/person_msgs/lib/libperson_msgs__rosidl_generator_py.so
[1.245s] -- Set runtime path of "/root/ros2_ws/install/person_msgs/lib/libperson_msgs__rosidl_generator_py.so" to ""
[1.245s] -- Up-to-date: /root/ros2_ws/install/person_msgs/share/person_msgs/msg/Person.idl
[1.245s] -- Up-to-date: /root/ros2_ws/install/person_msgs/share/person_msgs/msg/Person.msg
[1.245s] -- Up-to-date: /root/ros2_ws/install/person_msgs/share/ament_index/resource_index/package_run_dependencies/person_msgs
[1.245s] -- Up-to-date: /root/ros2_ws/install/person_msgs/share/ament_index/resource_index/parent_prefix_path/person_msgs
[1.245s] -- Up-to-date: /root/ros2_ws/install/person_msgs/share/person_msgs/environment/ament_prefix_path.sh
[1.245s] -- Installing: /root/ros2_ws/install/person_msgs/share/person_msgs/environment/ament_prefix_path.dsv
[1.245s] -- Up-to-date: /root/ros2_ws/install/person_msgs/share/person_msgs/environment/path.sh
[1.245s] -- Installing: /root/ros2_ws/install/person_msgs/share/person_msgs/environment/path.dsv
[1.245s] -- Up-to-date: /root/ros2_ws/install/person_msgs/share/person_msgs/local_setup.bash
[1.246s] -- Up-to-date: /root/ros2_ws/install/person_msgs/share/person_msgs/local_setup.sh
[1.246s] -- Up-to-date: /root/ros2_ws/install/person_msgs/share/person_msgs/local_setup.zsh
[1.246s] -- Installing: /root/ros2_ws/install/person_msgs/share/person_msgs/local_setup.dsv
[1.246s] -- Installing: /root/ros2_ws/install/person_msgs/share/person_msgs/package.dsv
[1.246s] -- Up-to-date: /root/ros2_ws/install/person_msgs/share/ament_index/resource_index/packages/person_msgs
[1.246s] -- Up-to-date: /root/ros2_ws/install/person_msgs/share/person_msgs/cmake/export_person_msgs__rosidl_generator_cExport.cmake
[1.246s] -- Up-to-date: /root/ros2_ws/install/person_msgs/share/person_msgs/cmake/export_person_msgs__rosidl_generator_cExport-noconfig.cmake
[1.246s] -- Up-to-date: /root/ros2_ws/install/person_msgs/share/person_msgs/cmake/export_person_msgs__rosidl_typesupport_fastrtps_cExport.cmake
[1.246s] -- Up-to-date: /root/ros2_ws/install/person_msgs/share/person_msgs/cmake/export_person_msgs__rosidl_typesupport_fastrtps_cExport-noconfig.cmake
[1.247s] -- Up-to-date: /root/ros2_ws/install/person_msgs/share/person_msgs/cmake/person_msgs__rosidl_typesupport_introspection_cExport.cmake
[1.247s] -- Up-to-date: /root/ros2_ws/install/person_msgs/share/person_msgs/cmake/person_msgs__rosidl_typesupport_introspection_cExport-noconfig.cmake
[1.247s] -- Up-to-date: /root/ros2_ws/install/person_msgs/share/person_msgs/cmake/person_msgs__rosidl_typesupport_cExport.cmake
[1.247s] -- Up-to-date: /root/ros2_ws/install/person_msgs/share/person_msgs/cmake/person_msgs__rosidl_typesupport_cExport-noconfig.cmake
[1.247s] -- Up-to-date: /root/ros2_ws/install/person_msgs/share/person_msgs/cmake/export_person_msgs__rosidl_generator_cppExport.cmake
[1.247s] -- Up-to-date: /root/ros2_ws/install/person_msgs/share/person_msgs/cmake/export_person_msgs__rosidl_typesupport_fastrtps_cppExport.cmake
[1.247s] -- Up-to-date: /root/ros2_ws/install/person_msgs/share/person_msgs/cmake/export_person_msgs__rosidl_typesupport_fastrtps_cppExport-noconfig.cmake
[1.247s] -- Up-to-date: /root/ros2_ws/install/person_msgs/share/person_msgs/cmake/person_msgs__rosidl_typesupport_introspection_cppExport.cmake
[1.248s] -- Up-to-date: /root/ros2_ws/install/person_msgs/share/person_msgs/cmake/person_msgs__rosidl_typesupport_introspection_cppExport-noconfig.cmake
[1.248s] -- Up-to-date: /root/ros2_ws/install/person_msgs/share/person_msgs/cmake/person_msgs__rosidl_typesupport_cppExport.cmake
[1.248s] -- Up-to-date: /root/ros2_ws/install/person_msgs/share/person_msgs/cmake/person_msgs__rosidl_typesupport_cppExport-noconfig.cmake
[1.248s] -- Up-to-date: /root/ros2_ws/install/person_msgs/share/person_msgs/cmake/export_person_msgs__rosidl_generator_pyExport.cmake
[1.248s] -- Up-to-date: /root/ros2_ws/install/person_msgs/share/person_msgs/cmake/export_person_msgs__rosidl_generator_pyExport-noconfig.cmake
[1.248s] -- Installing: /root/ros2_ws/install/person_msgs/share/person_msgs/cmake/rosidl_cmake-extras.cmake
[1.248s] -- Up-to-date: /root/ros2_ws/install/person_msgs/share/person_msgs/cmake/ament_cmake_export_include_directories-extras.cmake
[1.248s] -- Up-to-date: /root/ros2_ws/install/person_msgs/share/person_msgs/cmake/ament_cmake_export_libraries-extras.cmake
[1.248s] -- Up-to-date: /root/ros2_ws/install/person_msgs/share/person_msgs/cmake/ament_cmake_export_targets-extras.cmake
[1.248s] -- Up-to-date: /root/ros2_ws/install/person_msgs/share/person_msgs/cmake/rosidl_cmake_export_typesupport_targets-extras.cmake
[1.249s] -- Up-to-date: /root/ros2_ws/install/person_msgs/share/person_msgs/cmake/ament_cmake_export_dependencies-extras.cmake
[1.249s] -- Up-to-date: /root/ros2_ws/install/person_msgs/share/person_msgs/cmake/rosidl_cmake_export_typesupport_libraries-extras.cmake
[1.249s] -- Up-to-date: /root/ros2_ws/install/person_msgs/share/person_msgs/cmake/person_msgsConfig.cmake
[1.249s] -- Up-to-date: /root/ros2_ws/install/person_msgs/share/person_msgs/cmake/person_msgsConfig-version.cmake
[1.249s] -- Up-to-date: /root/ros2_ws/install/person_msgs/share/person_msgs/package.xml
[1.251s] Invoked command in '/root/ros2_ws/build/person_msgs' returned '0': CMAKE_PREFIX_PATH=${CMAKE_PREFIX_PATH}:/root/ros2_ws/install/mypkg:/opt/ros/humble /usr/bin/cmake --install /root/ros2_ws/build/person_msgs
