[0.160s] Invoking command in '/root/ros2_ws/build/person_msgs': CMAKE_PREFIX_PATH=${CMAKE_PREFIX_PATH}:/root/ros2_ws/install/mypkg:/opt/ros/humble /usr/bin/cmake --build /root/ros2_ws/build/person_msgs -- -j8 -l8
[0.187s] [  3%] Built target person_msgs__cpp
[0.193s] [  3%] Built target ament_cmake_python_copy_person_msgs
[0.195s] [ 12%] Built target person_msgs__rosidl_generator_c
[0.207s] [ 22%] Built target person_msgs__rosidl_typesupport_cpp
[0.207s] [ 32%] Built target person_msgs__rosidl_typesupport_introspection_cpp
[0.209s] [ 41%] Built target person_msgs__rosidl_typesupport_fastrtps_cpp
[0.213s] [ 51%] Built target person_msgs__rosidl_typesupport_fastrtps_c
[0.217s] [ 61%] Built target person_msgs__rosidl_typesupport_introspection_c
[0.218s] [ 70%] Built target person_msgs__rosidl_typesupport_c
[0.232s] [ 70%] Built target person_msgs
[0.245s] [ 74%] Built target person_msgs__py
[0.258s] [ 80%] Built target person_msgs__rosidl_generator_py
[0.271s] [ 87%] Built target person_msgs__rosidl_typesupport_introspection_c__pyext
[0.272s] [ 93%] Built target person_msgs__rosidl_typesupport_fastrtps_c__pyext
[0.272s] [100%] Built target person_msgs__rosidl_typesupport_c__pyext
[0.376s] running egg_info
[0.377s] writing person_msgs.egg-info/PKG-INFO
[0.377s] writing dependency_links to person_msgs.egg-info/dependency_links.txt
[0.377s] writing top-level names to person_msgs.egg-info/top_level.txt
[0.379s] reading manifest file 'person_msgs.egg-info/SOURCES.txt'
[0.379s] writing manifest file 'person_msgs.egg-info/SOURCES.txt'
[0.397s] [100%] Built target ament_cmake_python_build_person_msgs_egg
[0.404s] Invoked command in '/root/ros2_ws/build/person_msgs' returned '0': CMAKE_PREFIX_PATH=${CMAKE_PREFIX_PATH}:/root/ros2_ws/install/mypkg:/opt/ros/humble /usr/bin/cmake --build /root/ros2_ws/build/person_msgs -- -j8 -l8
[0.447s] Invoking command in '/root/ros2_ws/build/person_msgs': CMAKE_PREFIX_PATH=${CMAKE_PREFIX_PATH}:/root/ros2_ws/install/mypkg:/opt/ros/humble /usr/bin/cmake --install /root/ros2_ws/build/person_msgs
[0.451s] -- Install configuration: ""
[0.451s] -- Up-to-date: /root/ros2_ws/install/person_msgs/share/ament_index/resource_index/rosidl_interfaces/person_msgs
[0.451s] -- Up-to-date: /root/ros2_ws/install/person_msgs/include/person_msgs/person_msgs
[0.452s] -- Up-to-date: /root/ros2_ws/install/person_msgs/include/person_msgs/person_msgs/srv
[0.452s] -- Up-to-date: /root/ros2_ws/install/person_msgs/include/person_msgs/person_msgs/srv/query.h
[0.452s] -- Up-to-date: /root/ros2_ws/install/person_msgs/include/person_msgs/person_msgs/srv/detail
[0.452s] -- Up-to-date: /root/ros2_ws/install/person_msgs/include/person_msgs/person_msgs/srv/detail/query__functions.c
[0.452s] -- Up-to-date: /root/ros2_ws/install/person_msgs/include/person_msgs/person_msgs/srv/detail/query__type_support.h
[0.452s] -- Up-to-date: /root/ros2_ws/install/person_msgs/include/person_msgs/person_msgs/srv/detail/query__functions.h
[0.452s] -- Up-to-date: /root/ros2_ws/install/person_msgs/include/person_msgs/person_msgs/srv/detail/query__struct.h
[0.452s] -- Up-to-date: /root/ros2_ws/install/person_msgs/include/person_msgs/person_msgs/msg
[0.453s] -- Up-to-date: /root/ros2_ws/install/person_msgs/include/person_msgs/person_msgs/msg/person.h
[0.453s] -- Up-to-date: /root/ros2_ws/install/person_msgs/include/person_msgs/person_msgs/msg/rosidl_generator_c__visibility_control.h
[0.453s] -- Up-to-date: /root/ros2_ws/install/person_msgs/include/person_msgs/person_msgs/msg/detail
[0.453s] -- Up-to-date: /root/ros2_ws/install/person_msgs/include/person_msgs/person_msgs/msg/detail/person__functions.c
[0.453s] -- Up-to-date: /root/ros2_ws/install/person_msgs/include/person_msgs/person_msgs/msg/detail/person__type_support.h
[0.453s] -- Up-to-date: /root/ros2_ws/install/person_msgs/include/person_msgs/person_msgs/msg/detail/person__functions.h
[0.453s] -- Up-to-date: /root/ros2_ws/install/person_msgs/include/person_msgs/person_msgs/msg/detail/person__struct.h
[0.453s] -- Up-to-date: /root/ros2_ws/install/person_msgs/share/person_msgs/environment/library_path.sh
[0.453s] -- Up-to-date: /root/ros2_ws/install/person_msgs/share/person_msgs/environment/library_path.dsv
[0.454s] -- Up-to-date: /root/ros2_ws/install/person_msgs/lib/libperson_msgs__rosidl_generator_c.so
[0.454s] -- Up-to-date: /root/ros2_ws/install/person_msgs/include/person_msgs/person_msgs
[0.454s] -- Up-to-date: /root/ros2_ws/install/person_msgs/include/person_msgs/person_msgs/srv
[0.454s] -- Up-to-date: /root/ros2_ws/install/person_msgs/include/person_msgs/person_msgs/srv/detail
[0.454s] -- Up-to-date: /root/ros2_ws/install/person_msgs/include/person_msgs/person_msgs/srv/detail/query__rosidl_typesupport_fastrtps_c.h
[0.454s] -- Up-to-date: /root/ros2_ws/install/person_msgs/include/person_msgs/person_msgs/msg
[0.455s] -- Up-to-date: /root/ros2_ws/install/person_msgs/include/person_msgs/person_msgs/msg/rosidl_typesupport_fastrtps_c__visibility_control.h
[0.455s] -- Up-to-date: /root/ros2_ws/install/person_msgs/include/person_msgs/person_msgs/msg/detail
[0.455s] -- Up-to-date: /root/ros2_ws/install/person_msgs/include/person_msgs/person_msgs/msg/detail/person__rosidl_typesupport_fastrtps_c.h
[0.455s] -- Up-to-date: /root/ros2_ws/install/person_msgs/lib/libperson_msgs__rosidl_typesupport_fastrtps_c.so
[0.455s] -- Up-to-date: /root/ros2_ws/install/person_msgs/include/person_msgs/person_msgs
[0.455s] -- Up-to-date: /root/ros2_ws/install/person_msgs/include/person_msgs/person_msgs/srv
[0.455s] -- Up-to-date: /root/ros2_ws/install/person_msgs/include/person_msgs/person_msgs/srv/detail
[0.455s] -- Up-to-date: /root/ros2_ws/install/person_msgs/include/person_msgs/person_msgs/srv/detail/query__type_support.c
[0.455s] -- Up-to-date: /root/ros2_ws/install/person_msgs/include/person_msgs/person_msgs/srv/detail/query__rosidl_typesupport_introspection_c.h
[0.455s] -- Up-to-date: /root/ros2_ws/install/person_msgs/include/person_msgs/person_msgs/msg
[0.455s] -- Up-to-date: /root/ros2_ws/install/person_msgs/include/person_msgs/person_msgs/msg/rosidl_typesupport_introspection_c__visibility_control.h
[0.455s] -- Up-to-date: /root/ros2_ws/install/person_msgs/include/person_msgs/person_msgs/msg/detail
[0.455s] -- Up-to-date: /root/ros2_ws/install/person_msgs/include/person_msgs/person_msgs/msg/detail/person__type_support.c
[0.455s] -- Up-to-date: /root/ros2_ws/install/person_msgs/include/person_msgs/person_msgs/msg/detail/person__rosidl_typesupport_introspection_c.h
[0.455s] -- Up-to-date: /root/ros2_ws/install/person_msgs/lib/libperson_msgs__rosidl_typesupport_introspection_c.so
[0.455s] -- Up-to-date: /root/ros2_ws/install/person_msgs/lib/libperson_msgs__rosidl_typesupport_c.so
[0.455s] -- Up-to-date: /root/ros2_ws/install/person_msgs/include/person_msgs/person_msgs
[0.455s] -- Up-to-date: /root/ros2_ws/install/person_msgs/include/person_msgs/person_msgs/srv
[0.455s] -- Up-to-date: /root/ros2_ws/install/person_msgs/include/person_msgs/person_msgs/srv/query.hpp
[0.455s] -- Up-to-date: /root/ros2_ws/install/person_msgs/include/person_msgs/person_msgs/srv/detail
[0.455s] -- Up-to-date: /root/ros2_ws/install/person_msgs/include/person_msgs/person_msgs/srv/detail/query__builder.hpp
[0.455s] -- Up-to-date: /root/ros2_ws/install/person_msgs/include/person_msgs/person_msgs/srv/detail/query__struct.hpp
[0.455s] -- Up-to-date: /root/ros2_ws/install/person_msgs/include/person_msgs/person_msgs/srv/detail/query__traits.hpp
[0.455s] -- Up-to-date: /root/ros2_ws/install/person_msgs/include/person_msgs/person_msgs/msg
[0.456s] -- Up-to-date: /root/ros2_ws/install/person_msgs/include/person_msgs/person_msgs/msg/person.hpp
[0.456s] -- Up-to-date: /root/ros2_ws/install/person_msgs/include/person_msgs/person_msgs/msg/detail
[0.456s] -- Up-to-date: /root/ros2_ws/install/person_msgs/include/person_msgs/person_msgs/msg/detail/person__builder.hpp
[0.456s] -- Up-to-date: /root/ros2_ws/install/person_msgs/include/person_msgs/person_msgs/msg/detail/person__traits.hpp
[0.456s] -- Up-to-date: /root/ros2_ws/install/person_msgs/include/person_msgs/person_msgs/msg/detail/person__struct.hpp
[0.456s] -- Up-to-date: /root/ros2_ws/install/person_msgs/include/person_msgs/person_msgs
[0.456s] -- Up-to-date: /root/ros2_ws/install/person_msgs/include/person_msgs/person_msgs/srv
[0.456s] -- Up-to-date: /root/ros2_ws/install/person_msgs/include/person_msgs/person_msgs/srv/detail
[0.456s] -- Up-to-date: /root/ros2_ws/install/person_msgs/include/person_msgs/person_msgs/srv/detail/dds_fastrtps
[0.456s] -- Up-to-date: /root/ros2_ws/install/person_msgs/include/person_msgs/person_msgs/srv/detail/query__rosidl_typesupport_fastrtps_cpp.hpp
[0.456s] -- Up-to-date: /root/ros2_ws/install/person_msgs/include/person_msgs/person_msgs/msg
[0.456s] -- Up-to-date: /root/ros2_ws/install/person_msgs/include/person_msgs/person_msgs/msg/rosidl_typesupport_fastrtps_cpp__visibility_control.h
[0.456s] -- Up-to-date: /root/ros2_ws/install/person_msgs/include/person_msgs/person_msgs/msg/detail
[0.456s] -- Up-to-date: /root/ros2_ws/install/person_msgs/include/person_msgs/person_msgs/msg/detail/dds_fastrtps
[0.456s] -- Up-to-date: /root/ros2_ws/install/person_msgs/include/person_msgs/person_msgs/msg/detail/person__rosidl_typesupport_fastrtps_cpp.hpp
[0.456s] -- Up-to-date: /root/ros2_ws/install/person_msgs/lib/libperson_msgs__rosidl_typesupport_fastrtps_cpp.so
[0.456s] -- Up-to-date: /root/ros2_ws/install/person_msgs/include/person_msgs/person_msgs
[0.456s] -- Up-to-date: /root/ros2_ws/install/person_msgs/include/person_msgs/person_msgs/srv
[0.456s] -- Up-to-date: /root/ros2_ws/install/person_msgs/include/person_msgs/person_msgs/srv/detail
[0.456s] -- Up-to-date: /root/ros2_ws/install/person_msgs/include/person_msgs/person_msgs/srv/detail/query__type_support.cpp
[0.456s] -- Up-to-date: /root/ros2_ws/install/person_msgs/include/person_msgs/person_msgs/srv/detail/query__rosidl_typesupport_introspection_cpp.hpp
[0.456s] -- Up-to-date: /root/ros2_ws/install/person_msgs/include/person_msgs/person_msgs/msg
[0.456s] -- Up-to-date: /root/ros2_ws/install/person_msgs/include/person_msgs/person_msgs/msg/detail
[0.456s] -- Up-to-date: /root/ros2_ws/install/person_msgs/include/person_msgs/person_msgs/msg/detail/person__rosidl_typesupport_introspection_cpp.hpp
[0.456s] -- Up-to-date: /root/ros2_ws/install/person_msgs/include/person_msgs/person_msgs/msg/detail/person__type_support.cpp
[0.456s] -- Up-to-date: /root/ros2_ws/install/person_msgs/lib/libperson_msgs__rosidl_typesupport_introspection_cpp.so
[0.456s] -- Up-to-date: /root/ros2_ws/install/person_msgs/lib/libperson_msgs__rosidl_typesupport_cpp.so
[0.456s] -- Up-to-date: /root/ros2_ws/install/person_msgs/share/person_msgs/environment/pythonpath.sh
[0.457s] -- Up-to-date: /root/ros2_ws/install/person_msgs/share/person_msgs/environment/pythonpath.dsv
[0.457s] -- Up-to-date: /root/ros2_ws/install/person_msgs/local/lib/python3.10/dist-packages/person_msgs-0.0.0-py3.10.egg-info
[0.457s] -- Installing: /root/ros2_ws/install/person_msgs/local/lib/python3.10/dist-packages/person_msgs-0.0.0-py3.10.egg-info/top_level.txt
[0.457s] -- Installing: /root/ros2_ws/install/person_msgs/local/lib/python3.10/dist-packages/person_msgs-0.0.0-py3.10.egg-info/dependency_links.txt
[0.457s] -- Installing: /root/ros2_ws/install/person_msgs/local/lib/python3.10/dist-packages/person_msgs-0.0.0-py3.10.egg-info/SOURCES.txt
[0.457s] -- Installing: /root/ros2_ws/install/person_msgs/local/lib/python3.10/dist-packages/person_msgs-0.0.0-py3.10.egg-info/PKG-INFO
[0.457s] -- Up-to-date: /root/ros2_ws/install/person_msgs/local/lib/python3.10/dist-packages/person_msgs
[0.457s] -- Up-to-date: /root/ros2_ws/install/person_msgs/local/lib/python3.10/dist-packages/person_msgs/srv
[0.457s] -- Up-to-date: /root/ros2_ws/install/person_msgs/local/lib/python3.10/dist-packages/person_msgs/srv/_query_s.c
[0.457s] -- Up-to-date: /root/ros2_ws/install/person_msgs/local/lib/python3.10/dist-packages/person_msgs/srv/_query.py
[0.457s] -- Up-to-date: /root/ros2_ws/install/person_msgs/local/lib/python3.10/dist-packages/person_msgs/srv/__init__.py
[0.457s] -- Up-to-date: /root/ros2_ws/install/person_msgs/local/lib/python3.10/dist-packages/person_msgs/libperson_msgs__rosidl_generator_py.so
[0.457s] -- Up-to-date: /root/ros2_ws/install/person_msgs/local/lib/python3.10/dist-packages/person_msgs/_person_msgs_s.ep.rosidl_typesupport_introspection_c.c
[0.457s] -- Up-to-date: /root/ros2_ws/install/person_msgs/local/lib/python3.10/dist-packages/person_msgs/_person_msgs_s.ep.rosidl_typesupport_c.c
[0.457s] -- Up-to-date: /root/ros2_ws/install/person_msgs/local/lib/python3.10/dist-packages/person_msgs/person_msgs_s__rosidl_typesupport_fastrtps_c.cpython-310-x86_64-linux-gnu.so
[0.457s] -- Up-to-date: /root/ros2_ws/install/person_msgs/local/lib/python3.10/dist-packages/person_msgs/msg
[0.457s] -- Up-to-date: /root/ros2_ws/install/person_msgs/local/lib/python3.10/dist-packages/person_msgs/msg/_person.py
[0.457s] -- Up-to-date: /root/ros2_ws/install/person_msgs/local/lib/python3.10/dist-packages/person_msgs/msg/_person_s.c
[0.457s] -- Up-to-date: /root/ros2_ws/install/person_msgs/local/lib/python3.10/dist-packages/person_msgs/msg/__init__.py
[0.457s] -- Up-to-date: /root/ros2_ws/install/person_msgs/local/lib/python3.10/dist-packages/person_msgs/person_msgs_s__rosidl_typesupport_introspection_c.cpython-310-x86_64-linux-gnu.so
[0.457s] -- Up-to-date: /root/ros2_ws/install/person_msgs/local/lib/python3.10/dist-packages/person_msgs/person_msgs_s__rosidl_typesupport_c.cpython-310-x86_64-linux-gnu.so
[0.457s] -- Up-to-date: /root/ros2_ws/install/person_msgs/local/lib/python3.10/dist-packages/person_msgs/_person_msgs_s.ep.rosidl_typesupport_fastrtps_c.c
[0.457s] -- Up-to-date: /root/ros2_ws/install/person_msgs/local/lib/python3.10/dist-packages/person_msgs/__init__.py
[0.474s] Listing '/root/ros2_ws/install/person_msgs/local/lib/python3.10/dist-packages/person_msgs'...
[0.474s] Listing '/root/ros2_ws/install/person_msgs/local/lib/python3.10/dist-packages/person_msgs/msg'...
[0.474s] Listing '/root/ros2_ws/install/person_msgs/local/lib/python3.10/dist-packages/person_msgs/srv'...
[0.476s] -- Up-to-date: /root/ros2_ws/install/person_msgs/local/lib/python3.10/dist-packages/person_msgs/person_msgs_s__rosidl_typesupport_fastrtps_c.cpython-310-x86_64-linux-gnu.so
[0.477s] -- Up-to-date: /root/ros2_ws/install/person_msgs/local/lib/python3.10/dist-packages/person_msgs/person_msgs_s__rosidl_typesupport_introspection_c.cpython-310-x86_64-linux-gnu.so
[0.477s] -- Up-to-date: /root/ros2_ws/install/person_msgs/local/lib/python3.10/dist-packages/person_msgs/person_msgs_s__rosidl_typesupport_c.cpython-310-x86_64-linux-gnu.so
[0.477s] -- Up-to-date: /root/ros2_ws/install/person_msgs/lib/libperson_msgs__rosidl_generator_py.so
[0.477s] -- Up-to-date: /root/ros2_ws/install/person_msgs/share/person_msgs/msg/Person.idl
[0.477s] -- Up-to-date: /root/ros2_ws/install/person_msgs/share/person_msgs/msg/Person.msg
[0.477s] -- Up-to-date: /root/ros2_ws/install/person_msgs/share/ament_index/resource_index/package_run_dependencies/person_msgs
[0.477s] -- Up-to-date: /root/ros2_ws/install/person_msgs/share/ament_index/resource_index/parent_prefix_path/person_msgs
[0.478s] -- Up-to-date: /root/ros2_ws/install/person_msgs/share/person_msgs/environment/ament_prefix_path.sh
[0.478s] -- Up-to-date: /root/ros2_ws/install/person_msgs/share/person_msgs/environment/ament_prefix_path.dsv
[0.478s] -- Up-to-date: /root/ros2_ws/install/person_msgs/share/person_msgs/environment/path.sh
[0.478s] -- Up-to-date: /root/ros2_ws/install/person_msgs/share/person_msgs/environment/path.dsv
[0.478s] -- Up-to-date: /root/ros2_ws/install/person_msgs/share/person_msgs/local_setup.bash
[0.478s] -- Up-to-date: /root/ros2_ws/install/person_msgs/share/person_msgs/local_setup.sh
[0.478s] -- Up-to-date: /root/ros2_ws/install/person_msgs/share/person_msgs/local_setup.zsh
[0.478s] -- Up-to-date: /root/ros2_ws/install/person_msgs/share/person_msgs/local_setup.dsv
[0.478s] -- Installing: /root/ros2_ws/install/person_msgs/share/person_msgs/package.dsv
[0.479s] -- Up-to-date: /root/ros2_ws/install/person_msgs/share/ament_index/resource_index/packages/person_msgs
[0.479s] -- Up-to-date: /root/ros2_ws/install/person_msgs/share/person_msgs/cmake/export_person_msgs__rosidl_generator_cExport.cmake
[0.479s] -- Up-to-date: /root/ros2_ws/install/person_msgs/share/person_msgs/cmake/export_person_msgs__rosidl_generator_cExport-noconfig.cmake
[0.479s] -- Up-to-date: /root/ros2_ws/install/person_msgs/share/person_msgs/cmake/export_person_msgs__rosidl_typesupport_fastrtps_cExport.cmake
[0.479s] -- Up-to-date: /root/ros2_ws/install/person_msgs/share/person_msgs/cmake/export_person_msgs__rosidl_typesupport_fastrtps_cExport-noconfig.cmake
[0.479s] -- Up-to-date: /root/ros2_ws/install/person_msgs/share/person_msgs/cmake/person_msgs__rosidl_typesupport_introspection_cExport.cmake
[0.479s] -- Up-to-date: /root/ros2_ws/install/person_msgs/share/person_msgs/cmake/person_msgs__rosidl_typesupport_introspection_cExport-noconfig.cmake
[0.479s] -- Up-to-date: /root/ros2_ws/install/person_msgs/share/person_msgs/cmake/person_msgs__rosidl_typesupport_cExport.cmake
[0.479s] -- Up-to-date: /root/ros2_ws/install/person_msgs/share/person_msgs/cmake/person_msgs__rosidl_typesupport_cExport-noconfig.cmake
[0.479s] -- Up-to-date: /root/ros2_ws/install/person_msgs/share/person_msgs/cmake/export_person_msgs__rosidl_generator_cppExport.cmake
[0.479s] -- Up-to-date: /root/ros2_ws/install/person_msgs/share/person_msgs/cmake/export_person_msgs__rosidl_typesupport_fastrtps_cppExport.cmake
[0.479s] -- Up-to-date: /root/ros2_ws/install/person_msgs/share/person_msgs/cmake/export_person_msgs__rosidl_typesupport_fastrtps_cppExport-noconfig.cmake
[0.479s] -- Up-to-date: /root/ros2_ws/install/person_msgs/share/person_msgs/cmake/person_msgs__rosidl_typesupport_introspection_cppExport.cmake
[0.479s] -- Up-to-date: /root/ros2_ws/install/person_msgs/share/person_msgs/cmake/person_msgs__rosidl_typesupport_introspection_cppExport-noconfig.cmake
[0.479s] -- Up-to-date: /root/ros2_ws/install/person_msgs/share/person_msgs/cmake/person_msgs__rosidl_typesupport_cppExport.cmake
[0.479s] -- Up-to-date: /root/ros2_ws/install/person_msgs/share/person_msgs/cmake/person_msgs__rosidl_typesupport_cppExport-noconfig.cmake
[0.479s] -- Up-to-date: /root/ros2_ws/install/person_msgs/share/person_msgs/cmake/export_person_msgs__rosidl_generator_pyExport.cmake
[0.479s] -- Up-to-date: /root/ros2_ws/install/person_msgs/share/person_msgs/cmake/export_person_msgs__rosidl_generator_pyExport-noconfig.cmake
[0.480s] -- Up-to-date: /root/ros2_ws/install/person_msgs/share/person_msgs/cmake/rosidl_cmake-extras.cmake
[0.481s] -- Up-to-date: /root/ros2_ws/install/person_msgs/share/person_msgs/cmake/ament_cmake_export_include_directories-extras.cmake
[0.482s] -- Up-to-date: /root/ros2_ws/install/person_msgs/share/person_msgs/cmake/ament_cmake_export_libraries-extras.cmake
[0.482s] -- Up-to-date: /root/ros2_ws/install/person_msgs/share/person_msgs/cmake/ament_cmake_export_targets-extras.cmake
[0.483s] -- Up-to-date: /root/ros2_ws/install/person_msgs/share/person_msgs/cmake/rosidl_cmake_export_typesupport_targets-extras.cmake
[0.483s] -- Up-to-date: /root/ros2_ws/install/person_msgs/share/person_msgs/cmake/ament_cmake_export_dependencies-extras.cmake
[0.483s] -- Up-to-date: /root/ros2_ws/install/person_msgs/share/person_msgs/cmake/rosidl_cmake_export_typesupport_libraries-extras.cmake
[0.484s] -- Up-to-date: /root/ros2_ws/install/person_msgs/share/person_msgs/cmake/person_msgsConfig.cmake
[0.484s] -- Up-to-date: /root/ros2_ws/install/person_msgs/share/person_msgs/cmake/person_msgsConfig-version.cmake
[0.484s] -- Up-to-date: /root/ros2_ws/install/person_msgs/share/person_msgs/package.xml
[0.484s] Invoked command in '/root/ros2_ws/build/person_msgs' returned '0': CMAKE_PREFIX_PATH=${CMAKE_PREFIX_PATH}:/root/ros2_ws/install/mypkg:/opt/ros/humble /usr/bin/cmake --install /root/ros2_ws/build/person_msgs
