[0.169s] Invoking command in '/root/ros2_ws/build/person_msgs': CMAKE_PREFIX_PATH=${CMAKE_PREFIX_PATH}:/root/ros2_ws/install/mypkg:/opt/ros/humble /usr/bin/cmake --build /root/ros2_ws/build/person_msgs -- -j8 -l8
[0.201s] -- Found ament_cmake: 1.3.3 (/opt/ros/humble/share/ament_cmake/cmake)
[0.360s] -- Found rosidl_default_generators: 1.2.0 (/opt/ros/humble/share/rosidl_default_generators/cmake)
[0.363s] -- Using all available rosidl_typesupport_c: rosidl_typesupport_fastrtps_c;rosidl_typesupport_introspection_c
[0.367s] -- Found rosidl_adapter: 3.1.4 (/opt/ros/humble/share/rosidl_adapter/cmake)
[0.487s] -- Using all available rosidl_typesupport_cpp: rosidl_typesupport_fastrtps_cpp;rosidl_typesupport_introspection_cpp
[0.688s] -- Found ament_cmake_ros: 0.10.0 (/opt/ros/humble/share/ament_cmake_ros/cmake)
[0.815s] -- Using all available rosidl_typesupport_c: rosidl_typesupport_fastrtps_c;rosidl_typesupport_introspection_c
[0.961s] -- Using all available rosidl_typesupport_cpp: rosidl_typesupport_fastrtps_cpp;rosidl_typesupport_introspection_cpp
[0.977s] -- Found python_cmake_module: 0.10.0 (/opt/ros/humble/share/python_cmake_module/cmake)
[0.994s] -- Using PYTHON_EXECUTABLE: /usr/bin/python3
[0.994s] -- Using PYTHON_INCLUDE_DIRS: /usr/include/python3.10
[0.994s] -- Using PYTHON_LIBRARIES: /usr/lib/x86_64-linux-gnu/libpython3.10.so
[1.003s] -- Found ament_lint_auto: 0.12.4 (/opt/ros/humble/share/ament_lint_auto/cmake)
[1.032s] -- Added test 'lint_cmake' to check CMake code style
[1.034s] -- Added test 'xmllint' to check XML markup files
[1.039s] -- Configuring done
[1.066s] -- Generating done
[1.068s] -- Build files have been written to: /root/ros2_ws/build/person_msgs
[1.082s] [  2%] [34m[1mGenerating C code for ROS interfaces[0m
[1.088s] [  5%] [34m[1mGenerating C++ code for ROS interfaces[0m
[1.094s] [  5%] Built target ament_cmake_python_copy_person_msgs
[1.273s] running egg_info
[1.274s] writing person_msgs.egg-info/PKG-INFO
[1.274s] writing dependency_links to person_msgs.egg-info/dependency_links.txt
[1.274s] writing top-level names to person_msgs.egg-info/top_level.txt
[1.276s] reading manifest file 'person_msgs.egg-info/SOURCES.txt'
[1.276s] writing manifest file 'person_msgs.egg-info/SOURCES.txt'
[1.295s] [  5%] Built target ament_cmake_python_build_person_msgs_egg
[1.351s] [  5%] Built target person_msgs__cpp
[1.357s] [ 10%] [34m[1mGenerating C++ introspection for ROS interfaces[0m
[1.357s] [ 10%] [34m[1mGenerating C++ type support for eProsima Fast-RTPS[0m
[1.357s] [ 12%] [34m[1mGenerating C++ type support dispatch for ROS interfaces[0m
[1.380s] [35m[1mConsolidate compiler generated dependencies of target person_msgs__rosidl_generator_c[0m
[1.387s] [ 15%] [32mBuilding C object CMakeFiles/person_msgs__rosidl_generator_c.dir/rosidl_generator_c/person_msgs/msg/detail/person__functions.c.o[0m
[1.389s] [ 17%] [32mBuilding C object CMakeFiles/person_msgs__rosidl_generator_c.dir/rosidl_generator_c/person_msgs/srv/detail/query__functions.c.o[0m
[1.534s] [ 20%] [32m[1mLinking C shared library libperson_msgs__rosidl_generator_c.so[0m
[1.576s] [35m[1mConsolidate compiler generated dependencies of target person_msgs__rosidl_typesupport_cpp[0m
[1.585s] [ 25%] [32mBuilding CXX object CMakeFiles/person_msgs__rosidl_typesupport_cpp.dir/rosidl_typesupport_cpp/person_msgs/srv/query__type_support.cpp.o[0m
[1.585s] [ 25%] [32mBuilding CXX object CMakeFiles/person_msgs__rosidl_typesupport_cpp.dir/rosidl_typesupport_cpp/person_msgs/msg/person__type_support.cpp.o[0m
[1.620s] [35m[1mConsolidate compiler generated dependencies of target person_msgs__rosidl_typesupport_introspection_cpp[0m
[1.628s] [ 30%] [32mBuilding CXX object CMakeFiles/person_msgs__rosidl_typesupport_introspection_cpp.dir/rosidl_typesupport_introspection_cpp/person_msgs/msg/detail/person__type_support.cpp.o[0m
[1.628s] [ 30%] [32mBuilding CXX object CMakeFiles/person_msgs__rosidl_typesupport_introspection_cpp.dir/rosidl_typesupport_introspection_cpp/person_msgs/srv/detail/query__type_support.cpp.o[0m
[1.643s] [ 30%] Built target person_msgs__rosidl_generator_c
[1.650s] [ 35%] [34m[1mGenerating C introspection for ROS interfaces[0m
[1.650s] [ 35%] [34m[1mGenerating C type support for eProsima Fast-RTPS[0m
[1.651s] [ 38%] [34m[1mGenerating C type support dispatch for ROS interfaces[0m
[1.683s] [35m[1mConsolidate compiler generated dependencies of target person_msgs__rosidl_typesupport_fastrtps_cpp[0m
[1.695s] [ 41%] [32mBuilding CXX object CMakeFiles/person_msgs__rosidl_typesupport_fastrtps_cpp.dir/rosidl_typesupport_fastrtps_cpp/person_msgs/msg/detail/dds_fastrtps/person__type_support.cpp.o[0m
[1.964s] [35m[1mConsolidate compiler generated dependencies of target person_msgs__rosidl_typesupport_c[0m
[1.974s] [ 43%] [32mBuilding CXX object CMakeFiles/person_msgs__rosidl_typesupport_c.dir/rosidl_typesupport_c/person_msgs/msg/person__type_support.cpp.o[0m
[2.020s] [35m[1mConsolidate compiler generated dependencies of target person_msgs__rosidl_typesupport_introspection_c[0m
[2.021s] [ 46%] [32mBuilding CXX object CMakeFiles/person_msgs__rosidl_typesupport_c.dir/rosidl_typesupport_c/person_msgs/srv/query__type_support.cpp.o[0m
[2.021s] [ 48%] [32mBuilding CXX object CMakeFiles/person_msgs__rosidl_typesupport_fastrtps_cpp.dir/rosidl_typesupport_fastrtps_cpp/person_msgs/srv/detail/dds_fastrtps/query__type_support.cpp.o[0m
[2.022s] [35m[1mConsolidate compiler generated dependencies of target person_msgs__rosidl_typesupport_fastrtps_c[0m
[2.023s] [ 51%] [32m[1mLinking CXX shared library libperson_msgs__rosidl_typesupport_cpp.so[0m
[2.029s] [ 53%] [32mBuilding C object CMakeFiles/person_msgs__rosidl_typesupport_introspection_c.dir/rosidl_typesupport_introspection_c/person_msgs/msg/detail/person__type_support.c.o[0m
[2.035s] [ 56%] [32mBuilding CXX object CMakeFiles/person_msgs__rosidl_typesupport_fastrtps_c.dir/rosidl_typesupport_fastrtps_c/person_msgs/msg/detail/person__type_support_c.cpp.o[0m
[2.052s] [ 58%] [32m[1mLinking CXX shared library libperson_msgs__rosidl_typesupport_c.so[0m
[2.073s] [ 61%] [32mBuilding C object CMakeFiles/person_msgs__rosidl_typesupport_introspection_c.dir/rosidl_typesupport_introspection_c/person_msgs/srv/detail/query__type_support.c.o[0m
[2.113s] [ 64%] [32m[1mLinking C shared library libperson_msgs__rosidl_typesupport_introspection_c.so[0m
[2.125s] [ 64%] Built target person_msgs__rosidl_typesupport_cpp
[2.132s] [ 64%] Built target person_msgs__rosidl_typesupport_c
[2.137s] [ 66%] [32mBuilding CXX object CMakeFiles/person_msgs__rosidl_typesupport_fastrtps_c.dir/rosidl_typesupport_fastrtps_c/person_msgs/srv/detail/query__type_support_c.cpp.o[0m
[2.168s] [ 66%] Built target person_msgs__rosidl_typesupport_introspection_c
[2.173s] [ 69%] [32m[1mLinking CXX shared library libperson_msgs__rosidl_typesupport_introspection_cpp.so[0m
[2.250s] [ 69%] Built target person_msgs__rosidl_typesupport_introspection_cpp
[2.354s] [ 71%] [32m[1mLinking CXX shared library libperson_msgs__rosidl_typesupport_fastrtps_cpp.so[0m
[2.390s] [ 74%] [32m[1mLinking CXX shared library libperson_msgs__rosidl_typesupport_fastrtps_c.so[0m
[2.426s] [ 74%] Built target person_msgs__rosidl_typesupport_fastrtps_cpp
[2.459s] [ 74%] Built target person_msgs__rosidl_typesupport_fastrtps_c
[2.469s] [ 74%] Built target person_msgs
[2.480s] [ 76%] [34m[1mGenerating Python code for ROS interfaces[0m
[2.824s] [ 76%] Built target person_msgs__py
[2.830s] [35m[1mConsolidate compiler generated dependencies of target person_msgs__rosidl_generator_py[0m
[2.837s] [ 82%] [32mBuilding C object CMakeFiles/person_msgs__rosidl_generator_py.dir/rosidl_generator_py/person_msgs/msg/_person_s.c.o[0m
[2.837s] [ 82%] [32mBuilding C object CMakeFiles/person_msgs__rosidl_generator_py.dir/rosidl_generator_py/person_msgs/srv/_query_s.c.o[0m
[2.963s] [ 84%] [32m[1mLinking C shared library rosidl_generator_py/person_msgs/libperson_msgs__rosidl_generator_py.so[0m
[3.016s] [ 84%] Built target person_msgs__rosidl_generator_py
[3.022s] [35m[1mConsolidate compiler generated dependencies of target person_msgs__rosidl_typesupport_fastrtps_c__pyext[0m
[3.022s] [35m[1mConsolidate compiler generated dependencies of target person_msgs__rosidl_typesupport_c__pyext[0m
[3.022s] [35m[1mConsolidate compiler generated dependencies of target person_msgs__rosidl_typesupport_introspection_c__pyext[0m
[3.031s] [ 87%] [32mBuilding C object CMakeFiles/person_msgs__rosidl_typesupport_introspection_c__pyext.dir/rosidl_generator_py/person_msgs/_person_msgs_s.ep.rosidl_typesupport_introspection_c.c.o[0m
[3.031s] [ 89%] [32mBuilding C object CMakeFiles/person_msgs__rosidl_typesupport_fastrtps_c__pyext.dir/rosidl_generator_py/person_msgs/_person_msgs_s.ep.rosidl_typesupport_fastrtps_c.c.o[0m
[3.031s] [ 92%] [32mBuilding C object CMakeFiles/person_msgs__rosidl_typesupport_c__pyext.dir/rosidl_generator_py/person_msgs/_person_msgs_s.ep.rosidl_typesupport_c.c.o[0m
[3.101s] [ 94%] [32m[1mLinking C shared library rosidl_generator_py/person_msgs/person_msgs_s__rosidl_typesupport_fastrtps_c.cpython-310-x86_64-linux-gnu.so[0m
[3.103s] [ 97%] [32m[1mLinking C shared library rosidl_generator_py/person_msgs/person_msgs_s__rosidl_typesupport_introspection_c.cpython-310-x86_64-linux-gnu.so[0m
[3.111s] [100%] [32m[1mLinking C shared library rosidl_generator_py/person_msgs/person_msgs_s__rosidl_typesupport_c.cpython-310-x86_64-linux-gnu.so[0m
[3.147s] [100%] Built target person_msgs__rosidl_typesupport_fastrtps_c__pyext
[3.153s] [100%] Built target person_msgs__rosidl_typesupport_introspection_c__pyext
[3.161s] [100%] Built target person_msgs__rosidl_typesupport_c__pyext
[3.169s] Invoked command in '/root/ros2_ws/build/person_msgs' returned '0': CMAKE_PREFIX_PATH=${CMAKE_PREFIX_PATH}:/root/ros2_ws/install/mypkg:/opt/ros/humble /usr/bin/cmake --build /root/ros2_ws/build/person_msgs -- -j8 -l8
[3.216s] Invoking command in '/root/ros2_ws/build/person_msgs': CMAKE_PREFIX_PATH=${CMAKE_PREFIX_PATH}:/root/ros2_ws/install/mypkg:/opt/ros/humble /usr/bin/cmake --install /root/ros2_ws/build/person_msgs
[3.220s] -- Install configuration: ""
[3.220s] -- Installing: /root/ros2_ws/install/person_msgs/share/ament_index/resource_index/rosidl_interfaces/person_msgs
[3.220s] -- Up-to-date: /root/ros2_ws/install/person_msgs/include/person_msgs/person_msgs
[3.221s] -- Installing: /root/ros2_ws/install/person_msgs/include/person_msgs/person_msgs/srv
[3.221s] -- Installing: /root/ros2_ws/install/person_msgs/include/person_msgs/person_msgs/srv/query.h
[3.221s] -- Installing: /root/ros2_ws/install/person_msgs/include/person_msgs/person_msgs/srv/detail
[3.221s] -- Installing: /root/ros2_ws/install/person_msgs/include/person_msgs/person_msgs/srv/detail/query__functions.c
[3.221s] -- Installing: /root/ros2_ws/install/person_msgs/include/person_msgs/person_msgs/srv/detail/query__type_support.h
[3.221s] -- Installing: /root/ros2_ws/install/person_msgs/include/person_msgs/person_msgs/srv/detail/query__functions.h
[3.221s] -- Installing: /root/ros2_ws/install/person_msgs/include/person_msgs/person_msgs/srv/detail/query__struct.h
[3.221s] -- Up-to-date: /root/ros2_ws/install/person_msgs/include/person_msgs/person_msgs/msg
[3.222s] -- Installing: /root/ros2_ws/install/person_msgs/include/person_msgs/person_msgs/msg/person.h
[3.222s] -- Up-to-date: /root/ros2_ws/install/person_msgs/include/person_msgs/person_msgs/msg/rosidl_generator_c__visibility_control.h
[3.222s] -- Up-to-date: /root/ros2_ws/install/person_msgs/include/person_msgs/person_msgs/msg/detail
[3.222s] -- Installing: /root/ros2_ws/install/person_msgs/include/person_msgs/person_msgs/msg/detail/person__functions.c
[3.222s] -- Installing: /root/ros2_ws/install/person_msgs/include/person_msgs/person_msgs/msg/detail/person__type_support.h
[3.222s] -- Installing: /root/ros2_ws/install/person_msgs/include/person_msgs/person_msgs/msg/detail/person__functions.h
[3.222s] -- Installing: /root/ros2_ws/install/person_msgs/include/person_msgs/person_msgs/msg/detail/person__struct.h
[3.222s] -- Up-to-date: /root/ros2_ws/install/person_msgs/share/person_msgs/environment/library_path.sh
[3.222s] -- Installing: /root/ros2_ws/install/person_msgs/share/person_msgs/environment/library_path.dsv
[3.222s] -- Installing: /root/ros2_ws/install/person_msgs/lib/libperson_msgs__rosidl_generator_c.so
[3.223s] -- Set runtime path of "/root/ros2_ws/install/person_msgs/lib/libperson_msgs__rosidl_generator_c.so" to ""
[3.223s] -- Up-to-date: /root/ros2_ws/install/person_msgs/include/person_msgs/person_msgs
[3.223s] -- Up-to-date: /root/ros2_ws/install/person_msgs/include/person_msgs/person_msgs/srv
[3.223s] -- Up-to-date: /root/ros2_ws/install/person_msgs/include/person_msgs/person_msgs/srv/detail
[3.223s] -- Installing: /root/ros2_ws/install/person_msgs/include/person_msgs/person_msgs/srv/detail/query__rosidl_typesupport_fastrtps_c.h
[3.223s] -- Up-to-date: /root/ros2_ws/install/person_msgs/include/person_msgs/person_msgs/msg
[3.223s] -- Up-to-date: /root/ros2_ws/install/person_msgs/include/person_msgs/person_msgs/msg/rosidl_typesupport_fastrtps_c__visibility_control.h
[3.223s] -- Up-to-date: /root/ros2_ws/install/person_msgs/include/person_msgs/person_msgs/msg/detail
[3.223s] -- Installing: /root/ros2_ws/install/person_msgs/include/person_msgs/person_msgs/msg/detail/person__rosidl_typesupport_fastrtps_c.h
[3.223s] -- Installing: /root/ros2_ws/install/person_msgs/lib/libperson_msgs__rosidl_typesupport_fastrtps_c.so
[3.224s] -- Set runtime path of "/root/ros2_ws/install/person_msgs/lib/libperson_msgs__rosidl_typesupport_fastrtps_c.so" to ""
[3.224s] -- Up-to-date: /root/ros2_ws/install/person_msgs/include/person_msgs/person_msgs
[3.224s] -- Up-to-date: /root/ros2_ws/install/person_msgs/include/person_msgs/person_msgs/srv
[3.224s] -- Up-to-date: /root/ros2_ws/install/person_msgs/include/person_msgs/person_msgs/srv/detail
[3.224s] -- Installing: /root/ros2_ws/install/person_msgs/include/person_msgs/person_msgs/srv/detail/query__type_support.c
[3.224s] -- Installing: /root/ros2_ws/install/person_msgs/include/person_msgs/person_msgs/srv/detail/query__rosidl_typesupport_introspection_c.h
[3.224s] -- Up-to-date: /root/ros2_ws/install/person_msgs/include/person_msgs/person_msgs/msg
[3.224s] -- Up-to-date: /root/ros2_ws/install/person_msgs/include/person_msgs/person_msgs/msg/rosidl_typesupport_introspection_c__visibility_control.h
[3.225s] -- Up-to-date: /root/ros2_ws/install/person_msgs/include/person_msgs/person_msgs/msg/detail
[3.225s] -- Installing: /root/ros2_ws/install/person_msgs/include/person_msgs/person_msgs/msg/detail/person__type_support.c
[3.225s] -- Installing: /root/ros2_ws/install/person_msgs/include/person_msgs/person_msgs/msg/detail/person__rosidl_typesupport_introspection_c.h
[3.225s] -- Installing: /root/ros2_ws/install/person_msgs/lib/libperson_msgs__rosidl_typesupport_introspection_c.so
[3.225s] -- Set runtime path of "/root/ros2_ws/install/person_msgs/lib/libperson_msgs__rosidl_typesupport_introspection_c.so" to ""
[3.225s] -- Installing: /root/ros2_ws/install/person_msgs/lib/libperson_msgs__rosidl_typesupport_c.so
[3.225s] -- Set runtime path of "/root/ros2_ws/install/person_msgs/lib/libperson_msgs__rosidl_typesupport_c.so" to ""
[3.225s] -- Up-to-date: /root/ros2_ws/install/person_msgs/include/person_msgs/person_msgs
[3.225s] -- Up-to-date: /root/ros2_ws/install/person_msgs/include/person_msgs/person_msgs/srv
[3.225s] -- Installing: /root/ros2_ws/install/person_msgs/include/person_msgs/person_msgs/srv/query.hpp
[3.226s] -- Up-to-date: /root/ros2_ws/install/person_msgs/include/person_msgs/person_msgs/srv/detail
[3.226s] -- Installing: /root/ros2_ws/install/person_msgs/include/person_msgs/person_msgs/srv/detail/query__builder.hpp
[3.226s] -- Installing: /root/ros2_ws/install/person_msgs/include/person_msgs/person_msgs/srv/detail/query__struct.hpp
[3.226s] -- Installing: /root/ros2_ws/install/person_msgs/include/person_msgs/person_msgs/srv/detail/query__traits.hpp
[3.226s] -- Up-to-date: /root/ros2_ws/install/person_msgs/include/person_msgs/person_msgs/msg
[3.226s] -- Installing: /root/ros2_ws/install/person_msgs/include/person_msgs/person_msgs/msg/person.hpp
[3.226s] -- Up-to-date: /root/ros2_ws/install/person_msgs/include/person_msgs/person_msgs/msg/detail
[3.226s] -- Installing: /root/ros2_ws/install/person_msgs/include/person_msgs/person_msgs/msg/detail/person__builder.hpp
[3.226s] -- Installing: /root/ros2_ws/install/person_msgs/include/person_msgs/person_msgs/msg/detail/person__traits.hpp
[3.227s] -- Installing: /root/ros2_ws/install/person_msgs/include/person_msgs/person_msgs/msg/detail/person__struct.hpp
[3.227s] -- Up-to-date: /root/ros2_ws/install/person_msgs/include/person_msgs/person_msgs
[3.227s] -- Up-to-date: /root/ros2_ws/install/person_msgs/include/person_msgs/person_msgs/srv
[3.227s] -- Up-to-date: /root/ros2_ws/install/person_msgs/include/person_msgs/person_msgs/srv/detail
[3.227s] -- Installing: /root/ros2_ws/install/person_msgs/include/person_msgs/person_msgs/srv/detail/dds_fastrtps
[3.227s] -- Installing: /root/ros2_ws/install/person_msgs/include/person_msgs/person_msgs/srv/detail/query__rosidl_typesupport_fastrtps_cpp.hpp
[3.227s] -- Up-to-date: /root/ros2_ws/install/person_msgs/include/person_msgs/person_msgs/msg
[3.227s] -- Up-to-date: /root/ros2_ws/install/person_msgs/include/person_msgs/person_msgs/msg/rosidl_typesupport_fastrtps_cpp__visibility_control.h
[3.227s] -- Up-to-date: /root/ros2_ws/install/person_msgs/include/person_msgs/person_msgs/msg/detail
[3.228s] -- Up-to-date: /root/ros2_ws/install/person_msgs/include/person_msgs/person_msgs/msg/detail/dds_fastrtps
[3.228s] -- Installing: /root/ros2_ws/install/person_msgs/include/person_msgs/person_msgs/msg/detail/person__rosidl_typesupport_fastrtps_cpp.hpp
[3.228s] -- Installing: /root/ros2_ws/install/person_msgs/lib/libperson_msgs__rosidl_typesupport_fastrtps_cpp.so
[3.228s] -- Set runtime path of "/root/ros2_ws/install/person_msgs/lib/libperson_msgs__rosidl_typesupport_fastrtps_cpp.so" to ""
[3.228s] -- Up-to-date: /root/ros2_ws/install/person_msgs/include/person_msgs/person_msgs
[3.228s] -- Up-to-date: /root/ros2_ws/install/person_msgs/include/person_msgs/person_msgs/srv
[3.228s] -- Up-to-date: /root/ros2_ws/install/person_msgs/include/person_msgs/person_msgs/srv/detail
[3.228s] -- Installing: /root/ros2_ws/install/person_msgs/include/person_msgs/person_msgs/srv/detail/query__type_support.cpp
[3.228s] -- Installing: /root/ros2_ws/install/person_msgs/include/person_msgs/person_msgs/srv/detail/query__rosidl_typesupport_introspection_cpp.hpp
[3.228s] -- Up-to-date: /root/ros2_ws/install/person_msgs/include/person_msgs/person_msgs/msg
[3.228s] -- Up-to-date: /root/ros2_ws/install/person_msgs/include/person_msgs/person_msgs/msg/detail
[3.228s] -- Installing: /root/ros2_ws/install/person_msgs/include/person_msgs/person_msgs/msg/detail/person__rosidl_typesupport_introspection_cpp.hpp
[3.228s] -- Installing: /root/ros2_ws/install/person_msgs/include/person_msgs/person_msgs/msg/detail/person__type_support.cpp
[3.228s] -- Installing: /root/ros2_ws/install/person_msgs/lib/libperson_msgs__rosidl_typesupport_introspection_cpp.so
[3.228s] -- Set runtime path of "/root/ros2_ws/install/person_msgs/lib/libperson_msgs__rosidl_typesupport_introspection_cpp.so" to ""
[3.228s] -- Installing: /root/ros2_ws/install/person_msgs/lib/libperson_msgs__rosidl_typesupport_cpp.so
[3.229s] -- Set runtime path of "/root/ros2_ws/install/person_msgs/lib/libperson_msgs__rosidl_typesupport_cpp.so" to ""
[3.229s] -- Up-to-date: /root/ros2_ws/install/person_msgs/share/person_msgs/environment/pythonpath.sh
[3.229s] -- Installing: /root/ros2_ws/install/person_msgs/share/person_msgs/environment/pythonpath.dsv
[3.229s] -- Up-to-date: /root/ros2_ws/install/person_msgs/local/lib/python3.10/dist-packages/person_msgs-0.0.0-py3.10.egg-info
[3.229s] -- Installing: /root/ros2_ws/install/person_msgs/local/lib/python3.10/dist-packages/person_msgs-0.0.0-py3.10.egg-info/top_level.txt
[3.229s] -- Installing: /root/ros2_ws/install/person_msgs/local/lib/python3.10/dist-packages/person_msgs-0.0.0-py3.10.egg-info/dependency_links.txt
[3.229s] -- Installing: /root/ros2_ws/install/person_msgs/local/lib/python3.10/dist-packages/person_msgs-0.0.0-py3.10.egg-info/SOURCES.txt
[3.229s] -- Installing: /root/ros2_ws/install/person_msgs/local/lib/python3.10/dist-packages/person_msgs-0.0.0-py3.10.egg-info/PKG-INFO
[3.229s] -- Up-to-date: /root/ros2_ws/install/person_msgs/local/lib/python3.10/dist-packages/person_msgs
[3.229s] -- Installing: /root/ros2_ws/install/person_msgs/local/lib/python3.10/dist-packages/person_msgs/srv
[3.229s] -- Installing: /root/ros2_ws/install/person_msgs/local/lib/python3.10/dist-packages/person_msgs/srv/_query_s.c
[3.229s] -- Installing: /root/ros2_ws/install/person_msgs/local/lib/python3.10/dist-packages/person_msgs/srv/_query.py
[3.229s] -- Installing: /root/ros2_ws/install/person_msgs/local/lib/python3.10/dist-packages/person_msgs/srv/__init__.py
[3.229s] -- Installing: /root/ros2_ws/install/person_msgs/local/lib/python3.10/dist-packages/person_msgs/libperson_msgs__rosidl_generator_py.so
[3.229s] -- Installing: /root/ros2_ws/install/person_msgs/local/lib/python3.10/dist-packages/person_msgs/_person_msgs_s.ep.rosidl_typesupport_introspection_c.c
[3.229s] -- Installing: /root/ros2_ws/install/person_msgs/local/lib/python3.10/dist-packages/person_msgs/_person_msgs_s.ep.rosidl_typesupport_c.c
[3.229s] -- Installing: /root/ros2_ws/install/person_msgs/local/lib/python3.10/dist-packages/person_msgs/person_msgs_s__rosidl_typesupport_fastrtps_c.cpython-310-x86_64-linux-gnu.so
[3.229s] -- Up-to-date: /root/ros2_ws/install/person_msgs/local/lib/python3.10/dist-packages/person_msgs/msg
[3.229s] -- Installing: /root/ros2_ws/install/person_msgs/local/lib/python3.10/dist-packages/person_msgs/msg/_person.py
[3.229s] -- Installing: /root/ros2_ws/install/person_msgs/local/lib/python3.10/dist-packages/person_msgs/msg/_person_s.c
[3.229s] -- Installing: /root/ros2_ws/install/person_msgs/local/lib/python3.10/dist-packages/person_msgs/msg/__init__.py
[3.229s] -- Installing: /root/ros2_ws/install/person_msgs/local/lib/python3.10/dist-packages/person_msgs/person_msgs_s__rosidl_typesupport_introspection_c.cpython-310-x86_64-linux-gnu.so
[3.229s] -- Installing: /root/ros2_ws/install/person_msgs/local/lib/python3.10/dist-packages/person_msgs/person_msgs_s__rosidl_typesupport_c.cpython-310-x86_64-linux-gnu.so
[3.229s] -- Installing: /root/ros2_ws/install/person_msgs/local/lib/python3.10/dist-packages/person_msgs/_person_msgs_s.ep.rosidl_typesupport_fastrtps_c.c
[3.229s] -- Installing: /root/ros2_ws/install/person_msgs/local/lib/python3.10/dist-packages/person_msgs/__init__.py
[3.250s] Listing '/root/ros2_ws/install/person_msgs/local/lib/python3.10/dist-packages/person_msgs'...
[3.250s] Compiling '/root/ros2_ws/install/person_msgs/local/lib/python3.10/dist-packages/person_msgs/__init__.py'...
[3.250s] Listing '/root/ros2_ws/install/person_msgs/local/lib/python3.10/dist-packages/person_msgs/msg'...
[3.250s] Compiling '/root/ros2_ws/install/person_msgs/local/lib/python3.10/dist-packages/person_msgs/msg/__init__.py'...
[3.250s] Compiling '/root/ros2_ws/install/person_msgs/local/lib/python3.10/dist-packages/person_msgs/msg/_person.py'...
[3.250s] Listing '/root/ros2_ws/install/person_msgs/local/lib/python3.10/dist-packages/person_msgs/srv'...
[3.250s] Compiling '/root/ros2_ws/install/person_msgs/local/lib/python3.10/dist-packages/person_msgs/srv/__init__.py'...
[3.250s] Compiling '/root/ros2_ws/install/person_msgs/local/lib/python3.10/dist-packages/person_msgs/srv/_query.py'...
[3.253s] -- Installing: /root/ros2_ws/install/person_msgs/local/lib/python3.10/dist-packages/person_msgs/person_msgs_s__rosidl_typesupport_fastrtps_c.cpython-310-x86_64-linux-gnu.so
[3.253s] -- Set runtime path of "/root/ros2_ws/install/person_msgs/local/lib/python3.10/dist-packages/person_msgs/person_msgs_s__rosidl_typesupport_fastrtps_c.cpython-310-x86_64-linux-gnu.so" to ""
[3.253s] -- Installing: /root/ros2_ws/install/person_msgs/local/lib/python3.10/dist-packages/person_msgs/person_msgs_s__rosidl_typesupport_introspection_c.cpython-310-x86_64-linux-gnu.so
[3.254s] -- Set runtime path of "/root/ros2_ws/install/person_msgs/local/lib/python3.10/dist-packages/person_msgs/person_msgs_s__rosidl_typesupport_introspection_c.cpython-310-x86_64-linux-gnu.so" to ""
[3.254s] -- Installing: /root/ros2_ws/install/person_msgs/local/lib/python3.10/dist-packages/person_msgs/person_msgs_s__rosidl_typesupport_c.cpython-310-x86_64-linux-gnu.so
[3.254s] -- Set runtime path of "/root/ros2_ws/install/person_msgs/local/lib/python3.10/dist-packages/person_msgs/person_msgs_s__rosidl_typesupport_c.cpython-310-x86_64-linux-gnu.so" to ""
[3.254s] -- Installing: /root/ros2_ws/install/person_msgs/lib/libperson_msgs__rosidl_generator_py.so
[3.254s] -- Set runtime path of "/root/ros2_ws/install/person_msgs/lib/libperson_msgs__rosidl_generator_py.so" to ""
[3.254s] -- Up-to-date: /root/ros2_ws/install/person_msgs/share/person_msgs/msg/Person.idl
[3.255s] -- Installing: /root/ros2_ws/install/person_msgs/share/person_msgs/srv/Query.idl
[3.255s] -- Up-to-date: /root/ros2_ws/install/person_msgs/share/person_msgs/msg/Person.msg
[3.255s] -- Installing: /root/ros2_ws/install/person_msgs/share/person_msgs/srv/Query.srv
[3.255s] -- Installing: /root/ros2_ws/install/person_msgs/share/person_msgs/srv/Query_Request.msg
[3.255s] -- Installing: /root/ros2_ws/install/person_msgs/share/person_msgs/srv/Query_Response.msg
[3.255s] -- Up-to-date: /root/ros2_ws/install/person_msgs/share/ament_index/resource_index/package_run_dependencies/person_msgs
[3.255s] -- Up-to-date: /root/ros2_ws/install/person_msgs/share/ament_index/resource_index/parent_prefix_path/person_msgs
[3.255s] -- Up-to-date: /root/ros2_ws/install/person_msgs/share/person_msgs/environment/ament_prefix_path.sh
[3.255s] -- Installing: /root/ros2_ws/install/person_msgs/share/person_msgs/environment/ament_prefix_path.dsv
[3.255s] -- Up-to-date: /root/ros2_ws/install/person_msgs/share/person_msgs/environment/path.sh
[3.256s] -- Installing: /root/ros2_ws/install/person_msgs/share/person_msgs/environment/path.dsv
[3.256s] -- Up-to-date: /root/ros2_ws/install/person_msgs/share/person_msgs/local_setup.bash
[3.256s] -- Up-to-date: /root/ros2_ws/install/person_msgs/share/person_msgs/local_setup.sh
[3.256s] -- Up-to-date: /root/ros2_ws/install/person_msgs/share/person_msgs/local_setup.zsh
[3.256s] -- Installing: /root/ros2_ws/install/person_msgs/share/person_msgs/local_setup.dsv
[3.256s] -- Installing: /root/ros2_ws/install/person_msgs/share/person_msgs/package.dsv
[3.256s] -- Up-to-date: /root/ros2_ws/install/person_msgs/share/ament_index/resource_index/packages/person_msgs
[3.257s] -- Up-to-date: /root/ros2_ws/install/person_msgs/share/person_msgs/cmake/export_person_msgs__rosidl_generator_cExport.cmake
[3.257s] -- Up-to-date: /root/ros2_ws/install/person_msgs/share/person_msgs/cmake/export_person_msgs__rosidl_generator_cExport-noconfig.cmake
[3.257s] -- Up-to-date: /root/ros2_ws/install/person_msgs/share/person_msgs/cmake/export_person_msgs__rosidl_typesupport_fastrtps_cExport.cmake
[3.257s] -- Up-to-date: /root/ros2_ws/install/person_msgs/share/person_msgs/cmake/export_person_msgs__rosidl_typesupport_fastrtps_cExport-noconfig.cmake
[3.257s] -- Up-to-date: /root/ros2_ws/install/person_msgs/share/person_msgs/cmake/person_msgs__rosidl_typesupport_introspection_cExport.cmake
[3.257s] -- Up-to-date: /root/ros2_ws/install/person_msgs/share/person_msgs/cmake/person_msgs__rosidl_typesupport_introspection_cExport-noconfig.cmake
[3.257s] -- Up-to-date: /root/ros2_ws/install/person_msgs/share/person_msgs/cmake/person_msgs__rosidl_typesupport_cExport.cmake
[3.257s] -- Up-to-date: /root/ros2_ws/install/person_msgs/share/person_msgs/cmake/person_msgs__rosidl_typesupport_cExport-noconfig.cmake
[3.257s] -- Up-to-date: /root/ros2_ws/install/person_msgs/share/person_msgs/cmake/export_person_msgs__rosidl_generator_cppExport.cmake
[3.258s] -- Up-to-date: /root/ros2_ws/install/person_msgs/share/person_msgs/cmake/export_person_msgs__rosidl_typesupport_fastrtps_cppExport.cmake
[3.258s] -- Up-to-date: /root/ros2_ws/install/person_msgs/share/person_msgs/cmake/export_person_msgs__rosidl_typesupport_fastrtps_cppExport-noconfig.cmake
[3.258s] -- Up-to-date: /root/ros2_ws/install/person_msgs/share/person_msgs/cmake/person_msgs__rosidl_typesupport_introspection_cppExport.cmake
[3.259s] -- Up-to-date: /root/ros2_ws/install/person_msgs/share/person_msgs/cmake/person_msgs__rosidl_typesupport_introspection_cppExport-noconfig.cmake
[3.259s] -- Up-to-date: /root/ros2_ws/install/person_msgs/share/person_msgs/cmake/person_msgs__rosidl_typesupport_cppExport.cmake
[3.259s] -- Up-to-date: /root/ros2_ws/install/person_msgs/share/person_msgs/cmake/person_msgs__rosidl_typesupport_cppExport-noconfig.cmake
[3.259s] -- Up-to-date: /root/ros2_ws/install/person_msgs/share/person_msgs/cmake/export_person_msgs__rosidl_generator_pyExport.cmake
[3.260s] -- Up-to-date: /root/ros2_ws/install/person_msgs/share/person_msgs/cmake/export_person_msgs__rosidl_generator_pyExport-noconfig.cmake
[3.260s] -- Installing: /root/ros2_ws/install/person_msgs/share/person_msgs/cmake/rosidl_cmake-extras.cmake
[3.260s] -- Up-to-date: /root/ros2_ws/install/person_msgs/share/person_msgs/cmake/ament_cmake_export_include_directories-extras.cmake
[3.260s] -- Up-to-date: /root/ros2_ws/install/person_msgs/share/person_msgs/cmake/ament_cmake_export_libraries-extras.cmake
[3.260s] -- Up-to-date: /root/ros2_ws/install/person_msgs/share/person_msgs/cmake/ament_cmake_export_targets-extras.cmake
[3.260s] -- Up-to-date: /root/ros2_ws/install/person_msgs/share/person_msgs/cmake/rosidl_cmake_export_typesupport_targets-extras.cmake
[3.262s] -- Up-to-date: /root/ros2_ws/install/person_msgs/share/person_msgs/cmake/ament_cmake_export_dependencies-extras.cmake
[3.262s] -- Up-to-date: /root/ros2_ws/install/person_msgs/share/person_msgs/cmake/rosidl_cmake_export_typesupport_libraries-extras.cmake
[3.262s] -- Up-to-date: /root/ros2_ws/install/person_msgs/share/person_msgs/cmake/person_msgsConfig.cmake
[3.262s] -- Up-to-date: /root/ros2_ws/install/person_msgs/share/person_msgs/cmake/person_msgsConfig-version.cmake
[3.262s] -- Up-to-date: /root/ros2_ws/install/person_msgs/share/person_msgs/package.xml
[3.262s] Invoked command in '/root/ros2_ws/build/person_msgs' returned '0': CMAKE_PREFIX_PATH=${CMAKE_PREFIX_PATH}:/root/ros2_ws/install/mypkg:/opt/ros/humble /usr/bin/cmake --install /root/ros2_ws/build/person_msgs
